2020-04-08 16:25:02,834:INFO:19497:MainProcess:AeotechZW096.py:AeotechZW096 object instantaited with UID of zwave:aeon_zw096_00_000:controller:node3
2020-04-08 16:25:02,837:INFO:19497:MainProcess:AeotechZW096.py:AeotechZW096 object instantaited with UID of zwave:aeon_zw096_00_000:controller:node2
2020-04-08 16:25:02,867:INFO:19497:MainProcess:AeotechZW096.py:zwave:aeon_zw096_00_000:controller:node3 status updated to: OFFLINE, StatusDetail: COMMUNICATION_ERROR
2020-04-08 16:25:02,868:WARNING:19497:MainProcess:AeotechZW096.py:Device zwave:aeon_zw096_00_000:controller:node3 is offline
2020-04-08 16:25:02,894:INFO:19497:MainProcess:AeotechZW096.py:zwave:aeon_zw096_00_000:controller:node2 status updated to: ONLINE, StatusDetail: NONE
2020-04-08 16:25:02,895:INFO:19497:MainProcess:AeotechZW096.py:Item named Switch_Zwave_Node2 found for zwave:aeon_zw096_00_000:controller:node2 zwave:switch_binary
2020-04-08 16:25:02,895:INFO:19497:MainProcess:AeotechZW096.py:Item named Energy_Zwave_Node2 found for zwave:aeon_zw096_00_000:controller:node2 zwave:meter_kwh
2020-04-08 16:25:02,896:INFO:19497:MainProcess:AeotechZW096.py:Item named Current_Zwave_Node2 found for zwave:aeon_zw096_00_000:controller:node2 zwave:meter_current
2020-04-08 16:25:02,897:INFO:19497:MainProcess:AeotechZW096.py:Item named Voltage_Zwave_Node2 found for zwave:aeon_zw096_00_000:controller:node2 zwave:meter_voltage
2020-04-08 16:25:02,898:INFO:19497:MainProcess:AeotechZW096.py:Item named Power_Zwave_Node2 found for zwave:aeon_zw096_00_000:controller:node2 zwave:meter_watts
2020-04-08 16:25:02,898:WARNING:19497:MainProcess:AeotechZW096.py:There is no linked item to zwave:meter_reset 
2020-04-08 16:25:02,899:WARNING:19497:MainProcess:AeotechZW096.py:There is no linked item to zwave:color_color 
2020-04-08 16:25:02,930:INFO:19497:MainProcess:AeotechZW096.py:zwave:aeon_zw096_00_000:controller:node2 status updated to: ONLINE, StatusDetail: NONE
2020-04-08 16:25:02,932:INFO:19497:MainProcess:AeotechZW096.py:Attempting to update 'devices' table for zwave:aeon_zw096_00_000:controller:node2 device in database
2020-04-08 17:05:26,767:INFO:21549:MainProcess:AeotechZW096.py:AeotechZW096 object instantaited with UID of zwave:aeon_zw096_00_000:controller:node3
2020-04-08 17:05:26,769:INFO:21549:MainProcess:AeotechZW096.py:AeotechZW096 object instantaited with UID of zwave:aeon_zw096_00_000:controller:node2
2020-04-08 17:05:26,796:INFO:21549:MainProcess:AeotechZW096.py:zwave:aeon_zw096_00_000:controller:node3 status updated to: OFFLINE, StatusDetail: COMMUNICATION_ERROR
2020-04-08 17:05:26,797:WARNING:21549:MainProcess:AeotechZW096.py:Device zwave:aeon_zw096_00_000:controller:node3 is offline
2020-04-08 17:05:26,820:INFO:21549:MainProcess:AeotechZW096.py:zwave:aeon_zw096_00_000:controller:node2 status updated to: ONLINE, StatusDetail: NONE
2020-04-08 17:05:26,821:INFO:21549:MainProcess:AeotechZW096.py:Item named Switch_Zwave_Node2 found for zwave:aeon_zw096_00_000:controller:node2 zwave:switch_binary
2020-04-08 17:05:26,821:INFO:21549:MainProcess:AeotechZW096.py:Item named Energy_Zwave_Node2 found for zwave:aeon_zw096_00_000:controller:node2 zwave:meter_kwh
2020-04-08 17:05:26,822:INFO:21549:MainProcess:AeotechZW096.py:Item named Current_Zwave_Node2 found for zwave:aeon_zw096_00_000:controller:node2 zwave:meter_current
2020-04-08 17:05:26,822:INFO:21549:MainProcess:AeotechZW096.py:Item named Voltage_Zwave_Node2 found for zwave:aeon_zw096_00_000:controller:node2 zwave:meter_voltage
2020-04-08 17:05:26,822:INFO:21549:MainProcess:AeotechZW096.py:Item named Power_Zwave_Node2 found for zwave:aeon_zw096_00_000:controller:node2 zwave:meter_watts
2020-04-08 17:05:26,823:WARNING:21549:MainProcess:AeotechZW096.py:There is no linked item to zwave:meter_reset 
2020-04-08 17:05:26,823:WARNING:21549:MainProcess:AeotechZW096.py:There is no linked item to zwave:color_color 
2020-04-08 17:05:46,354:INFO:21579:MainProcess:AeotechZW096.py:AeotechZW096 object instantaited with UID of zwave:aeon_zw096_00_000:controller:node3
2020-04-08 17:05:46,356:INFO:21579:MainProcess:AeotechZW096.py:AeotechZW096 object instantaited with UID of zwave:aeon_zw096_00_000:controller:node2
2020-04-08 17:05:46,381:INFO:21579:MainProcess:AeotechZW096.py:zwave:aeon_zw096_00_000:controller:node3 status updated to: OFFLINE, StatusDetail: COMMUNICATION_ERROR
2020-04-08 17:05:46,382:WARNING:21579:MainProcess:AeotechZW096.py:Device zwave:aeon_zw096_00_000:controller:node3 is offline
2020-04-08 17:05:46,405:INFO:21579:MainProcess:AeotechZW096.py:zwave:aeon_zw096_00_000:controller:node2 status updated to: ONLINE, StatusDetail: NONE
2020-04-08 17:05:46,406:INFO:21579:MainProcess:AeotechZW096.py:Item named Switch_Zwave_Node2 found for zwave:aeon_zw096_00_000:controller:node2 zwave:switch_binary
2020-04-08 17:05:46,407:INFO:21579:MainProcess:AeotechZW096.py:Item named Energy_Zwave_Node2 found for zwave:aeon_zw096_00_000:controller:node2 zwave:meter_kwh
2020-04-08 17:05:46,407:INFO:21579:MainProcess:AeotechZW096.py:Item named Current_Zwave_Node2 found for zwave:aeon_zw096_00_000:controller:node2 zwave:meter_current
2020-04-08 17:05:46,408:INFO:21579:MainProcess:AeotechZW096.py:Item named Voltage_Zwave_Node2 found for zwave:aeon_zw096_00_000:controller:node2 zwave:meter_voltage
2020-04-08 17:05:46,409:INFO:21579:MainProcess:AeotechZW096.py:Item named Power_Zwave_Node2 found for zwave:aeon_zw096_00_000:controller:node2 zwave:meter_watts
2020-04-08 17:05:46,409:WARNING:21579:MainProcess:AeotechZW096.py:There is no linked item to zwave:meter_reset 
2020-04-08 17:05:46,410:WARNING:21579:MainProcess:AeotechZW096.py:There is no linked item to zwave:color_color 
2020-04-08 17:07:04,972:INFO:21640:MainProcess:AeotechZW096.py:AeotechZW096 object instantaited with UID of zwave:aeon_zw096_00_000:controller:node3
2020-04-08 17:07:04,974:INFO:21640:MainProcess:AeotechZW096.py:AeotechZW096 object instantaited with UID of zwave:aeon_zw096_00_000:controller:node2
2020-04-08 17:07:05,004:INFO:21640:MainProcess:AeotechZW096.py:zwave:aeon_zw096_00_000:controller:node3 status updated to: OFFLINE, StatusDetail: COMMUNICATION_ERROR
2020-04-08 17:07:05,005:WARNING:21640:MainProcess:AeotechZW096.py:Device zwave:aeon_zw096_00_000:controller:node3 is offline
2020-04-08 17:07:05,028:INFO:21640:MainProcess:AeotechZW096.py:zwave:aeon_zw096_00_000:controller:node2 status updated to: ONLINE, StatusDetail: NONE
2020-04-08 17:07:05,029:INFO:21640:MainProcess:AeotechZW096.py:Item named Switch_Zwave_Node2 found for zwave:aeon_zw096_00_000:controller:node2 zwave:switch_binary
2020-04-08 17:07:05,030:INFO:21640:MainProcess:AeotechZW096.py:Item named Energy_Zwave_Node2 found for zwave:aeon_zw096_00_000:controller:node2 zwave:meter_kwh
2020-04-08 17:07:05,030:INFO:21640:MainProcess:AeotechZW096.py:Item named Current_Zwave_Node2 found for zwave:aeon_zw096_00_000:controller:node2 zwave:meter_current
2020-04-08 17:07:05,031:INFO:21640:MainProcess:AeotechZW096.py:Item named Voltage_Zwave_Node2 found for zwave:aeon_zw096_00_000:controller:node2 zwave:meter_voltage
2020-04-08 17:07:05,031:INFO:21640:MainProcess:AeotechZW096.py:Item named Power_Zwave_Node2 found for zwave:aeon_zw096_00_000:controller:node2 zwave:meter_watts
2020-04-08 17:07:05,032:WARNING:21640:MainProcess:AeotechZW096.py:There is no linked item to zwave:meter_reset 
2020-04-08 17:07:05,032:WARNING:21640:MainProcess:AeotechZW096.py:There is no linked item to zwave:color_color 
2020-04-08 17:07:48,644:INFO:21685:MainProcess:AeotechZW096.py:AeotechZW096 object instantaited with UID of zwave:aeon_zw096_00_000:controller:node3
2020-04-08 17:07:48,647:INFO:21685:MainProcess:AeotechZW096.py:AeotechZW096 object instantaited with UID of zwave:aeon_zw096_00_000:controller:node2
2020-04-08 17:07:48,679:INFO:21685:MainProcess:AeotechZW096.py:zwave:aeon_zw096_00_000:controller:node3 status updated to: OFFLINE, StatusDetail: COMMUNICATION_ERROR
2020-04-08 17:07:48,680:WARNING:21685:MainProcess:AeotechZW096.py:Device zwave:aeon_zw096_00_000:controller:node3 is offline
2020-04-08 17:07:48,705:INFO:21685:MainProcess:AeotechZW096.py:zwave:aeon_zw096_00_000:controller:node2 status updated to: ONLINE, StatusDetail: NONE
2020-04-08 17:07:48,705:INFO:21685:MainProcess:AeotechZW096.py:Item named Switch_Zwave_Node2 found for zwave:aeon_zw096_00_000:controller:node2 zwave:switch_binary
2020-04-08 17:07:48,706:INFO:21685:MainProcess:AeotechZW096.py:Item named Energy_Zwave_Node2 found for zwave:aeon_zw096_00_000:controller:node2 zwave:meter_kwh
2020-04-08 17:07:48,707:INFO:21685:MainProcess:AeotechZW096.py:Item named Current_Zwave_Node2 found for zwave:aeon_zw096_00_000:controller:node2 zwave:meter_current
2020-04-08 17:07:48,707:INFO:21685:MainProcess:AeotechZW096.py:Item named Voltage_Zwave_Node2 found for zwave:aeon_zw096_00_000:controller:node2 zwave:meter_voltage
2020-04-08 17:07:48,708:INFO:21685:MainProcess:AeotechZW096.py:Item named Power_Zwave_Node2 found for zwave:aeon_zw096_00_000:controller:node2 zwave:meter_watts
2020-04-08 17:07:48,708:WARNING:21685:MainProcess:AeotechZW096.py:There is no linked item to zwave:meter_reset 
2020-04-08 17:07:48,708:WARNING:21685:MainProcess:AeotechZW096.py:There is no linked item to zwave:color_color 
2020-04-08 17:09:10,675:INFO:21739:MainProcess:AeotechZW096.py:AeotechZW096 object instantaited with UID of zwave:aeon_zw096_00_000:controller:node3
2020-04-08 17:09:10,678:INFO:21739:MainProcess:AeotechZW096.py:AeotechZW096 object instantaited with UID of zwave:aeon_zw096_00_000:controller:node2
2020-04-08 17:09:10,704:INFO:21739:MainProcess:AeotechZW096.py:zwave:aeon_zw096_00_000:controller:node3 status updated to: OFFLINE, StatusDetail: COMMUNICATION_ERROR
2020-04-08 17:09:10,705:WARNING:21739:MainProcess:AeotechZW096.py:Device zwave:aeon_zw096_00_000:controller:node3 is offline
2020-04-08 17:09:10,735:INFO:21739:MainProcess:AeotechZW096.py:zwave:aeon_zw096_00_000:controller:node2 status updated to: ONLINE, StatusDetail: NONE
2020-04-08 17:09:10,735:INFO:21739:MainProcess:AeotechZW096.py:Item named Switch_Zwave_Node2 found for zwave:aeon_zw096_00_000:controller:node2 zwave:switch_binary
2020-04-08 17:09:10,736:INFO:21739:MainProcess:AeotechZW096.py:Item named Energy_Zwave_Node2 found for zwave:aeon_zw096_00_000:controller:node2 zwave:meter_kwh
2020-04-08 17:09:10,738:INFO:21739:MainProcess:AeotechZW096.py:Item named Current_Zwave_Node2 found for zwave:aeon_zw096_00_000:controller:node2 zwave:meter_current
2020-04-08 17:09:10,738:INFO:21739:MainProcess:AeotechZW096.py:Item named Voltage_Zwave_Node2 found for zwave:aeon_zw096_00_000:controller:node2 zwave:meter_voltage
2020-04-08 17:09:10,739:INFO:21739:MainProcess:AeotechZW096.py:Item named Power_Zwave_Node2 found for zwave:aeon_zw096_00_000:controller:node2 zwave:meter_watts
2020-04-08 17:09:10,740:WARNING:21739:MainProcess:AeotechZW096.py:There is no linked item to zwave:meter_reset 
2020-04-08 17:09:10,741:WARNING:21739:MainProcess:AeotechZW096.py:There is no linked item to zwave:color_color 
2020-04-08 17:09:10,742:INFO:21739:MainProcess:AeotechZW096.py:Attempting to update all items associated with zwave:aeon_zw096_00_000:controller:node2
2020-04-08 17:09:10,769:INFO:21739:MainProcess:AeotechZW096.py:zwave:aeon_zw096_00_000:controller:node2 voltage value has been updated to 223.077
2020-04-08 17:09:10,799:INFO:21739:MainProcess:AeotechZW096.py:zwave:aeon_zw096_00_000:controller:node2 current value has been updated to 0.043
2020-04-08 17:09:10,831:INFO:21739:MainProcess:AeotechZW096.py:Switch_Zwave_Node2 has been updated to ON
2020-04-08 17:09:10,857:INFO:21739:MainProcess:AeotechZW096.py:Power_Zwave_Node2 has been updated to 3.817
2020-04-08 17:09:10,887:INFO:21739:MainProcess:AeotechZW096.py:Energy_Zwave_Node2 has been updated to 20.825
2020-04-08 17:09:10,889:INFO:21739:MainProcess:AeotechZW096.py:Attempting to update 'items' table for zwave:aeon_zw096_00_000:controller:node2 items in database
2020-04-08 17:10:08,778:INFO:21785:MainProcess:AeotechZW096.py:AeotechZW096 object instantaited with UID of zwave:aeon_zw096_00_000:controller:node3
2020-04-08 17:10:08,779:INFO:21785:MainProcess:AeotechZW096.py:AeotechZW096 object instantaited with UID of zwave:aeon_zw096_00_000:controller:node2
2020-04-08 17:10:08,806:INFO:21785:MainProcess:AeotechZW096.py:zwave:aeon_zw096_00_000:controller:node3 status updated to: OFFLINE, StatusDetail: COMMUNICATION_ERROR
2020-04-08 17:10:08,807:WARNING:21785:MainProcess:AeotechZW096.py:Device zwave:aeon_zw096_00_000:controller:node3 is offline
2020-04-08 17:10:08,830:INFO:21785:MainProcess:AeotechZW096.py:zwave:aeon_zw096_00_000:controller:node2 status updated to: ONLINE, StatusDetail: NONE
2020-04-08 17:10:08,830:INFO:21785:MainProcess:AeotechZW096.py:Item named Switch_Zwave_Node2 found for zwave:aeon_zw096_00_000:controller:node2 zwave:switch_binary
2020-04-08 17:10:08,831:INFO:21785:MainProcess:AeotechZW096.py:Item named Energy_Zwave_Node2 found for zwave:aeon_zw096_00_000:controller:node2 zwave:meter_kwh
2020-04-08 17:10:08,831:INFO:21785:MainProcess:AeotechZW096.py:Item named Current_Zwave_Node2 found for zwave:aeon_zw096_00_000:controller:node2 zwave:meter_current
2020-04-08 17:10:08,832:INFO:21785:MainProcess:AeotechZW096.py:Item named Voltage_Zwave_Node2 found for zwave:aeon_zw096_00_000:controller:node2 zwave:meter_voltage
2020-04-08 17:10:08,832:INFO:21785:MainProcess:AeotechZW096.py:Item named Power_Zwave_Node2 found for zwave:aeon_zw096_00_000:controller:node2 zwave:meter_watts
2020-04-08 17:10:08,833:WARNING:21785:MainProcess:AeotechZW096.py:There is no linked item to zwave:meter_reset 
2020-04-08 17:10:08,833:WARNING:21785:MainProcess:AeotechZW096.py:There is no linked item to zwave:color_color 
2020-04-08 17:10:08,834:INFO:21785:MainProcess:AeotechZW096.py:Attempting to update all items associated with zwave:aeon_zw096_00_000:controller:node2
2020-04-08 17:10:08,855:INFO:21785:MainProcess:AeotechZW096.py:zwave:aeon_zw096_00_000:controller:node2 voltage value has been updated to 222.111
2020-04-08 17:10:08,878:INFO:21785:MainProcess:AeotechZW096.py:zwave:aeon_zw096_00_000:controller:node2 current value has been updated to 0.042
2020-04-08 17:10:08,899:INFO:21785:MainProcess:AeotechZW096.py:Switch_Zwave_Node2 has been updated to ON
2020-04-08 17:10:08,920:INFO:21785:MainProcess:AeotechZW096.py:Power_Zwave_Node2 has been updated to 3.579
2020-04-08 17:10:08,939:INFO:21785:MainProcess:AeotechZW096.py:Energy_Zwave_Node2 has been updated to 20.825
2020-04-08 17:10:08,941:INFO:21785:MainProcess:AeotechZW096.py:Attempting to update 'items' table for zwave:aeon_zw096_00_000:controller:node2 items in database
2020-04-08 17:10:25,783:INFO:21808:MainProcess:AeotechZW096.py:AeotechZW096 object instantaited with UID of zwave:aeon_zw096_00_000:controller:node3
2020-04-08 17:10:25,784:INFO:21808:MainProcess:AeotechZW096.py:AeotechZW096 object instantaited with UID of zwave:aeon_zw096_00_000:controller:node2
2020-04-08 17:10:25,809:INFO:21808:MainProcess:AeotechZW096.py:zwave:aeon_zw096_00_000:controller:node3 status updated to: OFFLINE, StatusDetail: COMMUNICATION_ERROR
2020-04-08 17:10:25,810:WARNING:21808:MainProcess:AeotechZW096.py:Device zwave:aeon_zw096_00_000:controller:node3 is offline
2020-04-08 17:10:25,832:INFO:21808:MainProcess:AeotechZW096.py:zwave:aeon_zw096_00_000:controller:node2 status updated to: ONLINE, StatusDetail: NONE
2020-04-08 17:10:25,832:INFO:21808:MainProcess:AeotechZW096.py:Item named Switch_Zwave_Node2 found for zwave:aeon_zw096_00_000:controller:node2 zwave:switch_binary
2020-04-08 17:10:25,833:INFO:21808:MainProcess:AeotechZW096.py:Item named Energy_Zwave_Node2 found for zwave:aeon_zw096_00_000:controller:node2 zwave:meter_kwh
2020-04-08 17:10:25,833:INFO:21808:MainProcess:AeotechZW096.py:Item named Current_Zwave_Node2 found for zwave:aeon_zw096_00_000:controller:node2 zwave:meter_current
2020-04-08 17:10:25,834:INFO:21808:MainProcess:AeotechZW096.py:Item named Voltage_Zwave_Node2 found for zwave:aeon_zw096_00_000:controller:node2 zwave:meter_voltage
2020-04-08 17:10:25,834:INFO:21808:MainProcess:AeotechZW096.py:Item named Power_Zwave_Node2 found for zwave:aeon_zw096_00_000:controller:node2 zwave:meter_watts
2020-04-08 17:10:25,835:WARNING:21808:MainProcess:AeotechZW096.py:There is no linked item to zwave:meter_reset 
2020-04-08 17:10:25,835:WARNING:21808:MainProcess:AeotechZW096.py:There is no linked item to zwave:color_color 
2020-04-08 17:10:25,837:INFO:21808:MainProcess:AeotechZW096.py:Attempting to update all items associated with zwave:aeon_zw096_00_000:controller:node2
2020-04-08 17:10:25,860:INFO:21808:MainProcess:AeotechZW096.py:zwave:aeon_zw096_00_000:controller:node2 voltage value has been updated to 223.266
2020-04-08 17:10:25,882:INFO:21808:MainProcess:AeotechZW096.py:zwave:aeon_zw096_00_000:controller:node2 current value has been updated to 0.042
2020-04-08 17:10:25,905:INFO:21808:MainProcess:AeotechZW096.py:Switch_Zwave_Node2 has been updated to ON
2020-04-08 17:10:25,928:INFO:21808:MainProcess:AeotechZW096.py:Power_Zwave_Node2 has been updated to 3.776
2020-04-08 17:10:25,949:INFO:21808:MainProcess:AeotechZW096.py:Energy_Zwave_Node2 has been updated to 20.825
2020-04-08 17:10:25,951:INFO:21808:MainProcess:AeotechZW096.py:Attempting to update 'items' table for zwave:aeon_zw096_00_000:controller:node2 items in database
2020-04-08 17:10:42,448:INFO:21825:MainProcess:AeotechZW096.py:AeotechZW096 object instantaited with UID of zwave:aeon_zw096_00_000:controller:node3
2020-04-08 17:10:42,449:INFO:21825:MainProcess:AeotechZW096.py:AeotechZW096 object instantaited with UID of zwave:aeon_zw096_00_000:controller:node2
2020-04-08 17:10:42,463:INFO:21825:MainProcess:AeotechZW096.py:zwave:aeon_zw096_00_000:controller:node3 status updated to: OFFLINE, StatusDetail: COMMUNICATION_ERROR
2020-04-08 17:10:42,463:WARNING:21825:MainProcess:AeotechZW096.py:Device zwave:aeon_zw096_00_000:controller:node3 is offline
2020-04-08 17:10:42,475:INFO:21825:MainProcess:AeotechZW096.py:zwave:aeon_zw096_00_000:controller:node2 status updated to: ONLINE, StatusDetail: NONE
2020-04-08 17:10:42,476:INFO:21825:MainProcess:AeotechZW096.py:Item named Switch_Zwave_Node2 found for zwave:aeon_zw096_00_000:controller:node2 zwave:switch_binary
2020-04-08 17:10:42,476:INFO:21825:MainProcess:AeotechZW096.py:Item named Energy_Zwave_Node2 found for zwave:aeon_zw096_00_000:controller:node2 zwave:meter_kwh
2020-04-08 17:10:42,477:INFO:21825:MainProcess:AeotechZW096.py:Item named Current_Zwave_Node2 found for zwave:aeon_zw096_00_000:controller:node2 zwave:meter_current
2020-04-08 17:10:42,477:INFO:21825:MainProcess:AeotechZW096.py:Item named Voltage_Zwave_Node2 found for zwave:aeon_zw096_00_000:controller:node2 zwave:meter_voltage
2020-04-08 17:10:42,477:INFO:21825:MainProcess:AeotechZW096.py:Item named Power_Zwave_Node2 found for zwave:aeon_zw096_00_000:controller:node2 zwave:meter_watts
2020-04-08 17:10:42,477:WARNING:21825:MainProcess:AeotechZW096.py:There is no linked item to zwave:meter_reset 
2020-04-08 17:10:42,478:WARNING:21825:MainProcess:AeotechZW096.py:There is no linked item to zwave:color_color 
2020-04-08 17:10:42,478:INFO:21825:MainProcess:AeotechZW096.py:Attempting to update all items associated with zwave:aeon_zw096_00_000:controller:node2
2020-04-08 17:10:42,493:INFO:21825:MainProcess:AeotechZW096.py:zwave:aeon_zw096_00_000:controller:node2 voltage value has been updated to 223.56
2020-04-08 17:10:42,514:INFO:21825:MainProcess:AeotechZW096.py:zwave:aeon_zw096_00_000:controller:node2 current value has been updated to 0.043
2020-04-08 17:10:42,537:INFO:21825:MainProcess:AeotechZW096.py:Switch_Zwave_Node2 has been updated to ON
2020-04-08 17:10:42,560:INFO:21825:MainProcess:AeotechZW096.py:Power_Zwave_Node2 has been updated to 3.78
2020-04-08 17:10:42,583:INFO:21825:MainProcess:AeotechZW096.py:Energy_Zwave_Node2 has been updated to 20.825
2020-04-08 17:10:42,584:INFO:21825:MainProcess:AeotechZW096.py:Attempting to update 'items' table for zwave:aeon_zw096_00_000:controller:node2 items in database
2020-04-08 17:18:59,153:INFO:22193:MainProcess:AeotechZW096.py:AeotechZW096 object instantaited with UID of zwave:aeon_zw096_00_000:controller:node3
2020-04-08 17:18:59,154:INFO:22193:MainProcess:AeotechZW096.py:AeotechZW096 object instantaited with UID of zwave:aeon_zw096_00_000:controller:node2
2020-04-08 17:18:59,178:INFO:22193:MainProcess:AeotechZW096.py:zwave:aeon_zw096_00_000:controller:node3 status updated to: ONLINE, StatusDetail: NONE
2020-04-08 17:18:59,179:INFO:22193:MainProcess:AeotechZW096.py:Item named Switch_Zwave_Node3 found for zwave:aeon_zw096_00_000:controller:node3 zwave:switch_binary
2020-04-08 17:18:59,180:INFO:22193:MainProcess:AeotechZW096.py:Item named Energy_Zwave_Node3 found for zwave:aeon_zw096_00_000:controller:node3 zwave:meter_kwh
2020-04-08 17:18:59,180:INFO:22193:MainProcess:AeotechZW096.py:Item named Current_Zwave_Node3 found for zwave:aeon_zw096_00_000:controller:node3 zwave:meter_current
2020-04-08 17:18:59,181:INFO:22193:MainProcess:AeotechZW096.py:Item named Voltage_Zwave_Node3 found for zwave:aeon_zw096_00_000:controller:node3 zwave:meter_voltage
2020-04-08 17:18:59,181:INFO:22193:MainProcess:AeotechZW096.py:Item named Power_Zwave_Node3 found for zwave:aeon_zw096_00_000:controller:node3 zwave:meter_watts
2020-04-08 17:18:59,181:WARNING:22193:MainProcess:AeotechZW096.py:There is no linked item to zwave:meter_reset 
2020-04-08 17:18:59,182:WARNING:22193:MainProcess:AeotechZW096.py:There is no linked item to zwave:color_color 
2020-04-08 17:18:59,204:INFO:22193:MainProcess:AeotechZW096.py:zwave:aeon_zw096_00_000:controller:node2 status updated to: ONLINE, StatusDetail: NONE
2020-04-08 17:18:59,205:INFO:22193:MainProcess:AeotechZW096.py:Item named Switch_Zwave_Node2 found for zwave:aeon_zw096_00_000:controller:node2 zwave:switch_binary
2020-04-08 17:18:59,205:INFO:22193:MainProcess:AeotechZW096.py:Item named Energy_Zwave_Node2 found for zwave:aeon_zw096_00_000:controller:node2 zwave:meter_kwh
2020-04-08 17:18:59,206:INFO:22193:MainProcess:AeotechZW096.py:Item named Current_Zwave_Node2 found for zwave:aeon_zw096_00_000:controller:node2 zwave:meter_current
2020-04-08 17:18:59,206:INFO:22193:MainProcess:AeotechZW096.py:Item named Voltage_Zwave_Node2 found for zwave:aeon_zw096_00_000:controller:node2 zwave:meter_voltage
2020-04-08 17:18:59,207:INFO:22193:MainProcess:AeotechZW096.py:Item named Power_Zwave_Node2 found for zwave:aeon_zw096_00_000:controller:node2 zwave:meter_watts
2020-04-08 17:18:59,207:WARNING:22193:MainProcess:AeotechZW096.py:There is no linked item to zwave:meter_reset 
2020-04-08 17:18:59,208:WARNING:22193:MainProcess:AeotechZW096.py:There is no linked item to zwave:color_color 
2020-04-08 17:18:59,208:INFO:22193:MainProcess:AeotechZW096.py:Attempting to update all items associated with zwave:aeon_zw096_00_000:controller:node3
2020-04-08 17:18:59,232:WARNING:22193:MainProcess:AeotechZW096.py:zwave:aeon_zw096_00_000:controller:node3 voltage reading has returned NULL, setting voltage reading to None
2020-04-08 17:18:59,254:WARNING:22193:MainProcess:AeotechZW096.py:zwave:aeon_zw096_00_000:controller:node3 current reading has returned NULL, setting voltage reading to None
2020-04-08 17:18:59,277:INFO:22193:MainProcess:AeotechZW096.py:Switch_Zwave_Node3 has been set to Null due to unreadbale value recieved from API
2020-04-08 17:18:59,299:WARNING:22193:MainProcess:AeotechZW096.py:API returned NULL, setting power reading to None
2020-04-08 17:18:59,324:WARNING:22193:MainProcess:AeotechZW096.py:API returned NULL, setting power reading to None
2020-04-08 17:18:59,325:INFO:22193:MainProcess:AeotechZW096.py:Attempting to update 'items' table for zwave:aeon_zw096_00_000:controller:node3 items in database
2020-04-08 17:18:59,360:INFO:22193:MainProcess:AeotechZW096.py:Attempting to update all items associated with zwave:aeon_zw096_00_000:controller:node2
2020-04-08 17:18:59,380:INFO:22193:MainProcess:AeotechZW096.py:zwave:aeon_zw096_00_000:controller:node2 voltage value has been updated to 225.137
2020-04-08 17:18:59,402:INFO:22193:MainProcess:AeotechZW096.py:zwave:aeon_zw096_00_000:controller:node2 current value has been updated to 0.043
2020-04-08 17:18:59,425:INFO:22193:MainProcess:AeotechZW096.py:Switch_Zwave_Node2 has been updated to ON
2020-04-08 17:18:59,452:INFO:22193:MainProcess:AeotechZW096.py:Power_Zwave_Node2 has been updated to 3.957
2020-04-08 17:18:59,474:INFO:22193:MainProcess:AeotechZW096.py:Energy_Zwave_Node2 has been updated to 20.825
2020-04-08 17:18:59,475:INFO:22193:MainProcess:AeotechZW096.py:Attempting to update 'items' table for zwave:aeon_zw096_00_000:controller:node2 items in database
2020-04-08 17:31:24,146:INFO:23016:MainProcess:AeotechZW096.py:AeotechZW096 object instantaited with UID of zwave:aeon_zw096_00_000:controller:node3
2020-04-08 17:31:24,148:INFO:23016:MainProcess:AeotechZW096.py:AeotechZW096 object instantaited with UID of zwave:aeon_zw096_00_000:controller:node2
2020-04-08 17:31:24,175:INFO:23016:MainProcess:AeotechZW096.py:zwave:aeon_zw096_00_000:controller:node3 status updated to: ONLINE, StatusDetail: NONE
2020-04-08 17:31:24,176:INFO:23016:MainProcess:AeotechZW096.py:Item named Switch_Zwave_Node3 found for zwave:aeon_zw096_00_000:controller:node3 zwave:switch_binary
2020-04-08 17:31:24,177:INFO:23016:MainProcess:AeotechZW096.py:Item named Energy_Zwave_Node3 found for zwave:aeon_zw096_00_000:controller:node3 zwave:meter_kwh
2020-04-08 17:31:24,178:INFO:23016:MainProcess:AeotechZW096.py:Item named Current_Zwave_Node3 found for zwave:aeon_zw096_00_000:controller:node3 zwave:meter_current
2020-04-08 17:31:24,179:INFO:23016:MainProcess:AeotechZW096.py:Item named Voltage_Zwave_Node3 found for zwave:aeon_zw096_00_000:controller:node3 zwave:meter_voltage
2020-04-08 17:31:24,180:INFO:23016:MainProcess:AeotechZW096.py:Item named Power_Zwave_Node3 found for zwave:aeon_zw096_00_000:controller:node3 zwave:meter_watts
2020-04-08 17:31:24,181:WARNING:23016:MainProcess:AeotechZW096.py:There is no linked item to zwave:meter_reset 
2020-04-08 17:31:24,181:WARNING:23016:MainProcess:AeotechZW096.py:There is no linked item to zwave:color_color 
2020-04-08 17:31:24,210:INFO:23016:MainProcess:AeotechZW096.py:zwave:aeon_zw096_00_000:controller:node2 status updated to: ONLINE, StatusDetail: NONE
2020-04-08 17:31:24,211:INFO:23016:MainProcess:AeotechZW096.py:Item named Switch_Zwave_Node2 found for zwave:aeon_zw096_00_000:controller:node2 zwave:switch_binary
2020-04-08 17:31:24,212:INFO:23016:MainProcess:AeotechZW096.py:Item named Energy_Zwave_Node2 found for zwave:aeon_zw096_00_000:controller:node2 zwave:meter_kwh
2020-04-08 17:31:24,212:INFO:23016:MainProcess:AeotechZW096.py:Item named Current_Zwave_Node2 found for zwave:aeon_zw096_00_000:controller:node2 zwave:meter_current
2020-04-08 17:31:24,213:INFO:23016:MainProcess:AeotechZW096.py:Item named Voltage_Zwave_Node2 found for zwave:aeon_zw096_00_000:controller:node2 zwave:meter_voltage
2020-04-08 17:31:24,214:INFO:23016:MainProcess:AeotechZW096.py:Item named Power_Zwave_Node2 found for zwave:aeon_zw096_00_000:controller:node2 zwave:meter_watts
2020-04-08 17:31:24,214:WARNING:23016:MainProcess:AeotechZW096.py:There is no linked item to zwave:meter_reset 
2020-04-08 17:31:24,215:WARNING:23016:MainProcess:AeotechZW096.py:There is no linked item to zwave:color_color 
2020-04-08 17:31:24,244:INFO:23016:MainProcess:AeotechZW096.py:zwave:aeon_zw096_00_000:controller:node3 status updated to: ONLINE, StatusDetail: NONE
2020-04-08 17:31:24,245:INFO:23016:MainProcess:AeotechZW096.py:Attempting to update 'devices' table for zwave:aeon_zw096_00_000:controller:node3 device in database
2020-04-08 17:32:21,429:INFO:23089:MainProcess:AeotechZW096.py:AeotechZW096 object instantaited with UID of zwave:aeon_zw096_00_000:controller:node3
2020-04-08 17:32:21,430:INFO:23089:MainProcess:AeotechZW096.py:AeotechZW096 object instantaited with UID of zwave:aeon_zw096_00_000:controller:node2
2020-04-08 17:32:21,456:INFO:23089:MainProcess:AeotechZW096.py:zwave:aeon_zw096_00_000:controller:node3 status updated to: ONLINE, StatusDetail: NONE
2020-04-08 17:32:21,457:INFO:23089:MainProcess:AeotechZW096.py:Item named Switch_Zwave_Node3 found for zwave:aeon_zw096_00_000:controller:node3 zwave:switch_binary
2020-04-08 17:32:21,457:INFO:23089:MainProcess:AeotechZW096.py:Item named Energy_Zwave_Node3 found for zwave:aeon_zw096_00_000:controller:node3 zwave:meter_kwh
2020-04-08 17:32:21,458:INFO:23089:MainProcess:AeotechZW096.py:Item named Current_Zwave_Node3 found for zwave:aeon_zw096_00_000:controller:node3 zwave:meter_current
2020-04-08 17:32:21,458:INFO:23089:MainProcess:AeotechZW096.py:Item named Voltage_Zwave_Node3 found for zwave:aeon_zw096_00_000:controller:node3 zwave:meter_voltage
2020-04-08 17:32:21,459:INFO:23089:MainProcess:AeotechZW096.py:Item named Power_Zwave_Node3 found for zwave:aeon_zw096_00_000:controller:node3 zwave:meter_watts
2020-04-08 17:32:21,459:WARNING:23089:MainProcess:AeotechZW096.py:There is no linked item to zwave:meter_reset 
2020-04-08 17:32:21,460:WARNING:23089:MainProcess:AeotechZW096.py:There is no linked item to zwave:color_color 
2020-04-08 17:32:21,484:INFO:23089:MainProcess:AeotechZW096.py:zwave:aeon_zw096_00_000:controller:node2 status updated to: ONLINE, StatusDetail: NONE
2020-04-08 17:32:21,485:INFO:23089:MainProcess:AeotechZW096.py:Item named Switch_Zwave_Node2 found for zwave:aeon_zw096_00_000:controller:node2 zwave:switch_binary
2020-04-08 17:32:21,486:INFO:23089:MainProcess:AeotechZW096.py:Item named Energy_Zwave_Node2 found for zwave:aeon_zw096_00_000:controller:node2 zwave:meter_kwh
2020-04-08 17:32:21,487:INFO:23089:MainProcess:AeotechZW096.py:Item named Current_Zwave_Node2 found for zwave:aeon_zw096_00_000:controller:node2 zwave:meter_current
2020-04-08 17:32:21,487:INFO:23089:MainProcess:AeotechZW096.py:Item named Voltage_Zwave_Node2 found for zwave:aeon_zw096_00_000:controller:node2 zwave:meter_voltage
2020-04-08 17:32:21,488:INFO:23089:MainProcess:AeotechZW096.py:Item named Power_Zwave_Node2 found for zwave:aeon_zw096_00_000:controller:node2 zwave:meter_watts
2020-04-08 17:32:21,488:WARNING:23089:MainProcess:AeotechZW096.py:There is no linked item to zwave:meter_reset 
2020-04-08 17:32:21,489:WARNING:23089:MainProcess:AeotechZW096.py:There is no linked item to zwave:color_color 
2020-04-08 17:32:21,513:INFO:23089:MainProcess:AeotechZW096.py:zwave:aeon_zw096_00_000:controller:node3 status updated to: ONLINE, StatusDetail: NONE
2020-04-08 17:32:21,513:INFO:23089:MainProcess:AeotechZW096.py:Attempting to update 'devices' table for zwave:aeon_zw096_00_000:controller:node3 device in database
2020-04-08 17:32:46,421:INFO:23128:MainProcess:AeotechZW096.py:AeotechZW096 object instantaited with UID of zwave:aeon_zw096_00_000:controller:node3
2020-04-08 17:32:46,422:INFO:23128:MainProcess:AeotechZW096.py:AeotechZW096 object instantaited with UID of zwave:aeon_zw096_00_000:controller:node2
2020-04-08 17:32:46,435:INFO:23128:MainProcess:AeotechZW096.py:zwave:aeon_zw096_00_000:controller:node3 status updated to: ONLINE, StatusDetail: NONE
2020-04-08 17:32:46,435:INFO:23128:MainProcess:AeotechZW096.py:Item named Switch_Zwave_Node3 found for zwave:aeon_zw096_00_000:controller:node3 zwave:switch_binary
2020-04-08 17:32:46,435:INFO:23128:MainProcess:AeotechZW096.py:Item named Energy_Zwave_Node3 found for zwave:aeon_zw096_00_000:controller:node3 zwave:meter_kwh
2020-04-08 17:32:46,436:INFO:23128:MainProcess:AeotechZW096.py:Item named Current_Zwave_Node3 found for zwave:aeon_zw096_00_000:controller:node3 zwave:meter_current
2020-04-08 17:32:46,436:INFO:23128:MainProcess:AeotechZW096.py:Item named Voltage_Zwave_Node3 found for zwave:aeon_zw096_00_000:controller:node3 zwave:meter_voltage
2020-04-08 17:32:46,436:INFO:23128:MainProcess:AeotechZW096.py:Item named Power_Zwave_Node3 found for zwave:aeon_zw096_00_000:controller:node3 zwave:meter_watts
2020-04-08 17:32:46,436:WARNING:23128:MainProcess:AeotechZW096.py:There is no linked item to zwave:meter_reset 
2020-04-08 17:32:46,436:WARNING:23128:MainProcess:AeotechZW096.py:There is no linked item to zwave:color_color 
2020-04-08 17:32:46,450:INFO:23128:MainProcess:AeotechZW096.py:zwave:aeon_zw096_00_000:controller:node2 status updated to: ONLINE, StatusDetail: NONE
2020-04-08 17:32:46,451:INFO:23128:MainProcess:AeotechZW096.py:Item named Switch_Zwave_Node2 found for zwave:aeon_zw096_00_000:controller:node2 zwave:switch_binary
2020-04-08 17:32:46,451:INFO:23128:MainProcess:AeotechZW096.py:Item named Energy_Zwave_Node2 found for zwave:aeon_zw096_00_000:controller:node2 zwave:meter_kwh
2020-04-08 17:32:46,452:INFO:23128:MainProcess:AeotechZW096.py:Item named Current_Zwave_Node2 found for zwave:aeon_zw096_00_000:controller:node2 zwave:meter_current
2020-04-08 17:32:46,452:INFO:23128:MainProcess:AeotechZW096.py:Item named Voltage_Zwave_Node2 found for zwave:aeon_zw096_00_000:controller:node2 zwave:meter_voltage
2020-04-08 17:32:46,452:INFO:23128:MainProcess:AeotechZW096.py:Item named Power_Zwave_Node2 found for zwave:aeon_zw096_00_000:controller:node2 zwave:meter_watts
2020-04-08 17:32:46,452:WARNING:23128:MainProcess:AeotechZW096.py:There is no linked item to zwave:meter_reset 
2020-04-08 17:32:46,453:WARNING:23128:MainProcess:AeotechZW096.py:There is no linked item to zwave:color_color 
2020-04-08 17:32:46,468:INFO:23128:MainProcess:AeotechZW096.py:zwave:aeon_zw096_00_000:controller:node3 status updated to: ONLINE, StatusDetail: NONE
2020-04-08 17:32:46,469:INFO:23128:MainProcess:AeotechZW096.py:Attempting to update 'devices' table for zwave:aeon_zw096_00_000:controller:node3 device in database
2020-04-08 17:33:20,611:INFO:23168:MainProcess:AeotechZW096.py:AeotechZW096 object instantaited with UID of zwave:aeon_zw096_00_000:controller:node3
2020-04-08 17:33:20,613:INFO:23168:MainProcess:AeotechZW096.py:AeotechZW096 object instantaited with UID of zwave:aeon_zw096_00_000:controller:node2
2020-04-08 17:33:20,637:INFO:23168:MainProcess:AeotechZW096.py:zwave:aeon_zw096_00_000:controller:node3 status updated to: ONLINE, StatusDetail: NONE
2020-04-08 17:33:20,638:INFO:23168:MainProcess:AeotechZW096.py:Item named Switch_Zwave_Node3 found for zwave:aeon_zw096_00_000:controller:node3 zwave:switch_binary
2020-04-08 17:33:20,638:INFO:23168:MainProcess:AeotechZW096.py:Item named Energy_Zwave_Node3 found for zwave:aeon_zw096_00_000:controller:node3 zwave:meter_kwh
2020-04-08 17:33:20,639:INFO:23168:MainProcess:AeotechZW096.py:Item named Current_Zwave_Node3 found for zwave:aeon_zw096_00_000:controller:node3 zwave:meter_current
2020-04-08 17:33:20,640:INFO:23168:MainProcess:AeotechZW096.py:Item named Voltage_Zwave_Node3 found for zwave:aeon_zw096_00_000:controller:node3 zwave:meter_voltage
2020-04-08 17:33:20,641:INFO:23168:MainProcess:AeotechZW096.py:Item named Power_Zwave_Node3 found for zwave:aeon_zw096_00_000:controller:node3 zwave:meter_watts
2020-04-08 17:33:20,641:WARNING:23168:MainProcess:AeotechZW096.py:There is no linked item to zwave:meter_reset 
2020-04-08 17:33:20,642:WARNING:23168:MainProcess:AeotechZW096.py:There is no linked item to zwave:color_color 
2020-04-08 17:33:20,670:INFO:23168:MainProcess:AeotechZW096.py:zwave:aeon_zw096_00_000:controller:node2 status updated to: ONLINE, StatusDetail: NONE
2020-04-08 17:33:20,670:INFO:23168:MainProcess:AeotechZW096.py:Item named Switch_Zwave_Node2 found for zwave:aeon_zw096_00_000:controller:node2 zwave:switch_binary
2020-04-08 17:33:20,671:INFO:23168:MainProcess:AeotechZW096.py:Item named Energy_Zwave_Node2 found for zwave:aeon_zw096_00_000:controller:node2 zwave:meter_kwh
2020-04-08 17:33:20,672:INFO:23168:MainProcess:AeotechZW096.py:Item named Current_Zwave_Node2 found for zwave:aeon_zw096_00_000:controller:node2 zwave:meter_current
2020-04-08 17:33:20,672:INFO:23168:MainProcess:AeotechZW096.py:Item named Voltage_Zwave_Node2 found for zwave:aeon_zw096_00_000:controller:node2 zwave:meter_voltage
2020-04-08 17:33:20,673:INFO:23168:MainProcess:AeotechZW096.py:Item named Power_Zwave_Node2 found for zwave:aeon_zw096_00_000:controller:node2 zwave:meter_watts
2020-04-08 17:33:20,673:WARNING:23168:MainProcess:AeotechZW096.py:There is no linked item to zwave:meter_reset 
2020-04-08 17:33:20,674:WARNING:23168:MainProcess:AeotechZW096.py:There is no linked item to zwave:color_color 
2020-04-08 17:33:20,698:INFO:23168:MainProcess:AeotechZW096.py:zwave:aeon_zw096_00_000:controller:node3 status updated to: ONLINE, StatusDetail: NONE
2020-04-08 17:33:20,699:INFO:23168:MainProcess:AeotechZW096.py:Attempting to update 'devices' table for zwave:aeon_zw096_00_000:controller:node3 device in database
2020-04-08 17:33:20,753:INFO:23168:MainProcess:AeotechZW096.py:zwave:aeon_zw096_00_000:controller:node2 status updated to: ONLINE, StatusDetail: NONE
2020-04-08 17:33:20,754:INFO:23168:MainProcess:AeotechZW096.py:Attempting to update 'devices' table for zwave:aeon_zw096_00_000:controller:node2 device in database
2020-04-08 17:33:52,344:INFO:23201:MainProcess:AeotechZW096.py:AeotechZW096 object instantaited with UID of zwave:aeon_zw096_00_000:controller:node3
2020-04-08 17:33:52,345:INFO:23201:MainProcess:AeotechZW096.py:AeotechZW096 object instantaited with UID of zwave:aeon_zw096_00_000:controller:node2
2020-04-08 17:33:52,367:INFO:23201:MainProcess:AeotechZW096.py:zwave:aeon_zw096_00_000:controller:node3 status updated to: ONLINE, StatusDetail: NONE
2020-04-08 17:33:52,368:INFO:23201:MainProcess:AeotechZW096.py:Item named Switch_Zwave_Node3 found for zwave:aeon_zw096_00_000:controller:node3 zwave:switch_binary
2020-04-08 17:33:52,369:INFO:23201:MainProcess:AeotechZW096.py:Item named Energy_Zwave_Node3 found for zwave:aeon_zw096_00_000:controller:node3 zwave:meter_kwh
2020-04-08 17:33:52,369:INFO:23201:MainProcess:AeotechZW096.py:Item named Current_Zwave_Node3 found for zwave:aeon_zw096_00_000:controller:node3 zwave:meter_current
2020-04-08 17:33:52,370:INFO:23201:MainProcess:AeotechZW096.py:Item named Voltage_Zwave_Node3 found for zwave:aeon_zw096_00_000:controller:node3 zwave:meter_voltage
2020-04-08 17:33:52,371:INFO:23201:MainProcess:AeotechZW096.py:Item named Power_Zwave_Node3 found for zwave:aeon_zw096_00_000:controller:node3 zwave:meter_watts
2020-04-08 17:33:52,371:WARNING:23201:MainProcess:AeotechZW096.py:There is no linked item to zwave:meter_reset 
2020-04-08 17:33:52,372:WARNING:23201:MainProcess:AeotechZW096.py:There is no linked item to zwave:color_color 
2020-04-08 17:33:52,397:INFO:23201:MainProcess:AeotechZW096.py:zwave:aeon_zw096_00_000:controller:node2 status updated to: ONLINE, StatusDetail: NONE
2020-04-08 17:33:52,398:INFO:23201:MainProcess:AeotechZW096.py:Item named Switch_Zwave_Node2 found for zwave:aeon_zw096_00_000:controller:node2 zwave:switch_binary
2020-04-08 17:33:52,399:INFO:23201:MainProcess:AeotechZW096.py:Item named Energy_Zwave_Node2 found for zwave:aeon_zw096_00_000:controller:node2 zwave:meter_kwh
2020-04-08 17:33:52,399:INFO:23201:MainProcess:AeotechZW096.py:Item named Current_Zwave_Node2 found for zwave:aeon_zw096_00_000:controller:node2 zwave:meter_current
2020-04-08 17:33:52,400:INFO:23201:MainProcess:AeotechZW096.py:Item named Voltage_Zwave_Node2 found for zwave:aeon_zw096_00_000:controller:node2 zwave:meter_voltage
2020-04-08 17:33:52,401:INFO:23201:MainProcess:AeotechZW096.py:Item named Power_Zwave_Node2 found for zwave:aeon_zw096_00_000:controller:node2 zwave:meter_watts
2020-04-08 17:33:52,402:WARNING:23201:MainProcess:AeotechZW096.py:There is no linked item to zwave:meter_reset 
2020-04-08 17:33:52,403:WARNING:23201:MainProcess:AeotechZW096.py:There is no linked item to zwave:color_color 
2020-04-08 17:33:52,426:INFO:23201:MainProcess:AeotechZW096.py:zwave:aeon_zw096_00_000:controller:node3 status updated to: ONLINE, StatusDetail: NONE
2020-04-08 17:33:52,427:INFO:23201:MainProcess:AeotechZW096.py:Attempting to update 'devices' table for zwave:aeon_zw096_00_000:controller:node3 device in database
2020-04-08 17:33:52,476:INFO:23201:MainProcess:AeotechZW096.py:zwave:aeon_zw096_00_000:controller:node2 status updated to: ONLINE, StatusDetail: NONE
2020-04-08 17:33:52,477:INFO:23201:MainProcess:AeotechZW096.py:Attempting to update 'devices' table for zwave:aeon_zw096_00_000:controller:node2 device in database
2020-04-08 17:34:11,579:INFO:23230:MainProcess:AeotechZW096.py:AeotechZW096 object instantaited with UID of zwave:aeon_zw096_00_000:controller:node3
2020-04-08 17:34:11,581:INFO:23230:MainProcess:AeotechZW096.py:AeotechZW096 object instantaited with UID of zwave:aeon_zw096_00_000:controller:node2
2020-04-08 17:34:11,606:INFO:23230:MainProcess:AeotechZW096.py:zwave:aeon_zw096_00_000:controller:node3 status updated to: ONLINE, StatusDetail: NONE
2020-04-08 17:34:11,607:INFO:23230:MainProcess:AeotechZW096.py:Item named Switch_Zwave_Node3 found for zwave:aeon_zw096_00_000:controller:node3 zwave:switch_binary
2020-04-08 17:34:11,608:INFO:23230:MainProcess:AeotechZW096.py:Item named Energy_Zwave_Node3 found for zwave:aeon_zw096_00_000:controller:node3 zwave:meter_kwh
2020-04-08 17:34:11,608:INFO:23230:MainProcess:AeotechZW096.py:Item named Current_Zwave_Node3 found for zwave:aeon_zw096_00_000:controller:node3 zwave:meter_current
2020-04-08 17:34:11,609:INFO:23230:MainProcess:AeotechZW096.py:Item named Voltage_Zwave_Node3 found for zwave:aeon_zw096_00_000:controller:node3 zwave:meter_voltage
2020-04-08 17:34:11,610:INFO:23230:MainProcess:AeotechZW096.py:Item named Power_Zwave_Node3 found for zwave:aeon_zw096_00_000:controller:node3 zwave:meter_watts
2020-04-08 17:34:11,610:WARNING:23230:MainProcess:AeotechZW096.py:There is no linked item to zwave:meter_reset 
2020-04-08 17:34:11,611:WARNING:23230:MainProcess:AeotechZW096.py:There is no linked item to zwave:color_color 
2020-04-08 17:34:11,633:INFO:23230:MainProcess:AeotechZW096.py:zwave:aeon_zw096_00_000:controller:node2 status updated to: ONLINE, StatusDetail: NONE
2020-04-08 17:34:11,634:INFO:23230:MainProcess:AeotechZW096.py:Item named Switch_Zwave_Node2 found for zwave:aeon_zw096_00_000:controller:node2 zwave:switch_binary
2020-04-08 17:34:11,634:INFO:23230:MainProcess:AeotechZW096.py:Item named Energy_Zwave_Node2 found for zwave:aeon_zw096_00_000:controller:node2 zwave:meter_kwh
2020-04-08 17:34:11,635:INFO:23230:MainProcess:AeotechZW096.py:Item named Current_Zwave_Node2 found for zwave:aeon_zw096_00_000:controller:node2 zwave:meter_current
2020-04-08 17:34:11,635:INFO:23230:MainProcess:AeotechZW096.py:Item named Voltage_Zwave_Node2 found for zwave:aeon_zw096_00_000:controller:node2 zwave:meter_voltage
2020-04-08 17:34:11,636:INFO:23230:MainProcess:AeotechZW096.py:Item named Power_Zwave_Node2 found for zwave:aeon_zw096_00_000:controller:node2 zwave:meter_watts
2020-04-08 17:34:11,636:WARNING:23230:MainProcess:AeotechZW096.py:There is no linked item to zwave:meter_reset 
2020-04-08 17:34:11,637:WARNING:23230:MainProcess:AeotechZW096.py:There is no linked item to zwave:color_color 
2020-04-08 17:34:11,662:INFO:23230:MainProcess:AeotechZW096.py:zwave:aeon_zw096_00_000:controller:node3 status updated to: ONLINE, StatusDetail: NONE
2020-04-08 17:34:11,663:INFO:23230:MainProcess:AeotechZW096.py:Attempting to update 'devices' table for zwave:aeon_zw096_00_000:controller:node3 device in database
2020-04-08 17:34:11,709:INFO:23230:MainProcess:AeotechZW096.py:zwave:aeon_zw096_00_000:controller:node2 status updated to: ONLINE, StatusDetail: NONE
2020-04-08 17:34:11,710:INFO:23230:MainProcess:AeotechZW096.py:Attempting to update 'devices' table for zwave:aeon_zw096_00_000:controller:node2 device in database
2020-04-08 17:34:27,558:INFO:23253:MainProcess:AeotechZW096.py:AeotechZW096 object instantaited with UID of zwave:aeon_zw096_00_000:controller:node3
2020-04-08 17:34:27,560:INFO:23253:MainProcess:AeotechZW096.py:AeotechZW096 object instantaited with UID of zwave:aeon_zw096_00_000:controller:node2
2020-04-08 17:34:27,588:INFO:23253:MainProcess:AeotechZW096.py:zwave:aeon_zw096_00_000:controller:node3 status updated to: ONLINE, StatusDetail: NONE
2020-04-08 17:34:27,589:INFO:23253:MainProcess:AeotechZW096.py:Item named Switch_Zwave_Node3 found for zwave:aeon_zw096_00_000:controller:node3 zwave:switch_binary
2020-04-08 17:34:27,590:INFO:23253:MainProcess:AeotechZW096.py:Item named Energy_Zwave_Node3 found for zwave:aeon_zw096_00_000:controller:node3 zwave:meter_kwh
2020-04-08 17:34:27,591:INFO:23253:MainProcess:AeotechZW096.py:Item named Current_Zwave_Node3 found for zwave:aeon_zw096_00_000:controller:node3 zwave:meter_current
2020-04-08 17:34:27,592:INFO:23253:MainProcess:AeotechZW096.py:Item named Voltage_Zwave_Node3 found for zwave:aeon_zw096_00_000:controller:node3 zwave:meter_voltage
2020-04-08 17:34:27,593:INFO:23253:MainProcess:AeotechZW096.py:Item named Power_Zwave_Node3 found for zwave:aeon_zw096_00_000:controller:node3 zwave:meter_watts
2020-04-08 17:34:27,594:WARNING:23253:MainProcess:AeotechZW096.py:There is no linked item to zwave:meter_reset 
2020-04-08 17:34:27,595:WARNING:23253:MainProcess:AeotechZW096.py:There is no linked item to zwave:color_color 
2020-04-08 17:34:27,621:INFO:23253:MainProcess:AeotechZW096.py:zwave:aeon_zw096_00_000:controller:node2 status updated to: ONLINE, StatusDetail: NONE
2020-04-08 17:34:27,622:INFO:23253:MainProcess:AeotechZW096.py:Item named Switch_Zwave_Node2 found for zwave:aeon_zw096_00_000:controller:node2 zwave:switch_binary
2020-04-08 17:34:27,623:INFO:23253:MainProcess:AeotechZW096.py:Item named Energy_Zwave_Node2 found for zwave:aeon_zw096_00_000:controller:node2 zwave:meter_kwh
2020-04-08 17:34:27,624:INFO:23253:MainProcess:AeotechZW096.py:Item named Current_Zwave_Node2 found for zwave:aeon_zw096_00_000:controller:node2 zwave:meter_current
2020-04-08 17:34:27,625:INFO:23253:MainProcess:AeotechZW096.py:Item named Voltage_Zwave_Node2 found for zwave:aeon_zw096_00_000:controller:node2 zwave:meter_voltage
2020-04-08 17:34:27,626:INFO:23253:MainProcess:AeotechZW096.py:Item named Power_Zwave_Node2 found for zwave:aeon_zw096_00_000:controller:node2 zwave:meter_watts
2020-04-08 17:34:27,626:WARNING:23253:MainProcess:AeotechZW096.py:There is no linked item to zwave:meter_reset 
2020-04-08 17:34:27,627:WARNING:23253:MainProcess:AeotechZW096.py:There is no linked item to zwave:color_color 
2020-04-08 17:34:27,653:INFO:23253:MainProcess:AeotechZW096.py:zwave:aeon_zw096_00_000:controller:node3 status updated to: ONLINE, StatusDetail: NONE
2020-04-08 17:34:27,654:INFO:23253:MainProcess:AeotechZW096.py:Attempting to update 'devices' table for zwave:aeon_zw096_00_000:controller:node3 device in database
2020-04-08 17:34:27,696:INFO:23253:MainProcess:AeotechZW096.py:zwave:aeon_zw096_00_000:controller:node2 status updated to: ONLINE, StatusDetail: NONE
2020-04-08 17:34:27,697:INFO:23253:MainProcess:AeotechZW096.py:Attempting to update 'devices' table for zwave:aeon_zw096_00_000:controller:node2 device in database
2020-04-08 17:34:43,066:INFO:23274:MainProcess:AeotechZW096.py:AeotechZW096 object instantaited with UID of zwave:aeon_zw096_00_000:controller:node3
2020-04-08 17:34:43,069:INFO:23274:MainProcess:AeotechZW096.py:AeotechZW096 object instantaited with UID of zwave:aeon_zw096_00_000:controller:node2
2020-04-08 17:34:43,097:INFO:23274:MainProcess:AeotechZW096.py:zwave:aeon_zw096_00_000:controller:node3 status updated to: ONLINE, StatusDetail: NONE
2020-04-08 17:34:43,101:INFO:23274:MainProcess:AeotechZW096.py:Item named Switch_Zwave_Node3 found for zwave:aeon_zw096_00_000:controller:node3 zwave:switch_binary
2020-04-08 17:34:43,102:INFO:23274:MainProcess:AeotechZW096.py:Item named Energy_Zwave_Node3 found for zwave:aeon_zw096_00_000:controller:node3 zwave:meter_kwh
2020-04-08 17:34:43,104:INFO:23274:MainProcess:AeotechZW096.py:Item named Current_Zwave_Node3 found for zwave:aeon_zw096_00_000:controller:node3 zwave:meter_current
2020-04-08 17:34:43,105:INFO:23274:MainProcess:AeotechZW096.py:Item named Voltage_Zwave_Node3 found for zwave:aeon_zw096_00_000:controller:node3 zwave:meter_voltage
2020-04-08 17:34:43,105:INFO:23274:MainProcess:AeotechZW096.py:Item named Power_Zwave_Node3 found for zwave:aeon_zw096_00_000:controller:node3 zwave:meter_watts
2020-04-08 17:34:43,107:WARNING:23274:MainProcess:AeotechZW096.py:There is no linked item to zwave:meter_reset 
2020-04-08 17:34:43,108:WARNING:23274:MainProcess:AeotechZW096.py:There is no linked item to zwave:color_color 
2020-04-08 17:34:43,135:INFO:23274:MainProcess:AeotechZW096.py:zwave:aeon_zw096_00_000:controller:node2 status updated to: ONLINE, StatusDetail: NONE
2020-04-08 17:34:43,137:INFO:23274:MainProcess:AeotechZW096.py:Item named Switch_Zwave_Node2 found for zwave:aeon_zw096_00_000:controller:node2 zwave:switch_binary
2020-04-08 17:34:43,138:INFO:23274:MainProcess:AeotechZW096.py:Item named Energy_Zwave_Node2 found for zwave:aeon_zw096_00_000:controller:node2 zwave:meter_kwh
2020-04-08 17:34:43,139:INFO:23274:MainProcess:AeotechZW096.py:Item named Current_Zwave_Node2 found for zwave:aeon_zw096_00_000:controller:node2 zwave:meter_current
2020-04-08 17:34:43,140:INFO:23274:MainProcess:AeotechZW096.py:Item named Voltage_Zwave_Node2 found for zwave:aeon_zw096_00_000:controller:node2 zwave:meter_voltage
2020-04-08 17:34:43,141:INFO:23274:MainProcess:AeotechZW096.py:Item named Power_Zwave_Node2 found for zwave:aeon_zw096_00_000:controller:node2 zwave:meter_watts
2020-04-08 17:34:43,142:WARNING:23274:MainProcess:AeotechZW096.py:There is no linked item to zwave:meter_reset 
2020-04-08 17:34:43,143:WARNING:23274:MainProcess:AeotechZW096.py:There is no linked item to zwave:color_color 
2020-04-08 17:34:43,178:INFO:23274:MainProcess:AeotechZW096.py:zwave:aeon_zw096_00_000:controller:node3 status updated to: ONLINE, StatusDetail: NONE
2020-04-08 17:34:43,179:INFO:23274:MainProcess:AeotechZW096.py:Attempting to update 'devices' table for zwave:aeon_zw096_00_000:controller:node3 device in database
2020-04-08 17:34:43,229:INFO:23274:MainProcess:AeotechZW096.py:zwave:aeon_zw096_00_000:controller:node2 status updated to: ONLINE, StatusDetail: NONE
2020-04-08 17:34:43,231:INFO:23274:MainProcess:AeotechZW096.py:Attempting to update 'devices' table for zwave:aeon_zw096_00_000:controller:node2 device in database
2020-04-08 17:37:13,669:INFO:23453:MainProcess:AeotechZW096.py:AeotechZW096 object instantaited with UID of zwave:aeon_zw096_00_000:controller:node3
2020-04-08 17:37:13,671:INFO:23453:MainProcess:AeotechZW096.py:AeotechZW096 object instantaited with UID of zwave:aeon_zw096_00_000:controller:node2
2020-04-08 17:37:13,699:INFO:23453:MainProcess:AeotechZW096.py:zwave:aeon_zw096_00_000:controller:node3 status updated to: ONLINE, StatusDetail: NONE
2020-04-08 17:37:13,700:INFO:23453:MainProcess:AeotechZW096.py:Item named Switch_Zwave_Node3 found for zwave:aeon_zw096_00_000:controller:node3 zwave:switch_binary
2020-04-08 17:37:13,707:INFO:23453:MainProcess:AeotechZW096.py:Item named Energy_Zwave_Node3 found for zwave:aeon_zw096_00_000:controller:node3 zwave:meter_kwh
2020-04-08 17:37:13,708:INFO:23453:MainProcess:AeotechZW096.py:Item named Current_Zwave_Node3 found for zwave:aeon_zw096_00_000:controller:node3 zwave:meter_current
2020-04-08 17:37:13,708:INFO:23453:MainProcess:AeotechZW096.py:Item named Voltage_Zwave_Node3 found for zwave:aeon_zw096_00_000:controller:node3 zwave:meter_voltage
2020-04-08 17:37:13,709:INFO:23453:MainProcess:AeotechZW096.py:Item named Power_Zwave_Node3 found for zwave:aeon_zw096_00_000:controller:node3 zwave:meter_watts
2020-04-08 17:37:13,709:WARNING:23453:MainProcess:AeotechZW096.py:There is no linked item to zwave:meter_reset 
2020-04-08 17:37:13,710:WARNING:23453:MainProcess:AeotechZW096.py:There is no linked item to zwave:color_color 
2020-04-08 17:37:13,733:INFO:23453:MainProcess:AeotechZW096.py:zwave:aeon_zw096_00_000:controller:node2 status updated to: ONLINE, StatusDetail: NONE
2020-04-08 17:37:13,734:INFO:23453:MainProcess:AeotechZW096.py:Item named Switch_Zwave_Node2 found for zwave:aeon_zw096_00_000:controller:node2 zwave:switch_binary
2020-04-08 17:37:13,734:INFO:23453:MainProcess:AeotechZW096.py:Item named Energy_Zwave_Node2 found for zwave:aeon_zw096_00_000:controller:node2 zwave:meter_kwh
2020-04-08 17:37:13,735:INFO:23453:MainProcess:AeotechZW096.py:Item named Current_Zwave_Node2 found for zwave:aeon_zw096_00_000:controller:node2 zwave:meter_current
2020-04-08 17:37:13,735:INFO:23453:MainProcess:AeotechZW096.py:Item named Voltage_Zwave_Node2 found for zwave:aeon_zw096_00_000:controller:node2 zwave:meter_voltage
2020-04-08 17:37:13,736:INFO:23453:MainProcess:AeotechZW096.py:Item named Power_Zwave_Node2 found for zwave:aeon_zw096_00_000:controller:node2 zwave:meter_watts
2020-04-08 17:37:13,736:WARNING:23453:MainProcess:AeotechZW096.py:There is no linked item to zwave:meter_reset 
2020-04-08 17:37:13,737:WARNING:23453:MainProcess:AeotechZW096.py:There is no linked item to zwave:color_color 
2020-04-08 17:37:13,762:INFO:23453:MainProcess:AeotechZW096.py:zwave:aeon_zw096_00_000:controller:node3 status updated to: ONLINE, StatusDetail: NONE
2020-04-08 17:37:13,763:INFO:23453:MainProcess:AeotechZW096.py:Attempting to update 'devices' table for zwave:aeon_zw096_00_000:controller:node3 device in database
2020-04-08 17:37:13,806:INFO:23453:MainProcess:AeotechZW096.py:zwave:aeon_zw096_00_000:controller:node2 status updated to: ONLINE, StatusDetail: NONE
2020-04-08 17:37:13,807:INFO:23453:MainProcess:AeotechZW096.py:Attempting to update 'devices' table for zwave:aeon_zw096_00_000:controller:node2 device in database
2020-04-08 17:37:17,992:INFO:23455:MainProcess:AeotechZW096.py:AeotechZW096 object instantaited with UID of zwave:aeon_zw096_00_000:controller:node3
2020-04-08 17:37:17,994:INFO:23455:MainProcess:AeotechZW096.py:AeotechZW096 object instantaited with UID of zwave:aeon_zw096_00_000:controller:node2
2020-04-08 17:37:18,018:INFO:23455:MainProcess:AeotechZW096.py:zwave:aeon_zw096_00_000:controller:node3 status updated to: ONLINE, StatusDetail: NONE
2020-04-08 17:37:18,019:INFO:23455:MainProcess:AeotechZW096.py:Item named Switch_Zwave_Node3 found for zwave:aeon_zw096_00_000:controller:node3 zwave:switch_binary
2020-04-08 17:37:18,020:INFO:23455:MainProcess:AeotechZW096.py:Item named Energy_Zwave_Node3 found for zwave:aeon_zw096_00_000:controller:node3 zwave:meter_kwh
2020-04-08 17:37:18,020:INFO:23455:MainProcess:AeotechZW096.py:Item named Current_Zwave_Node3 found for zwave:aeon_zw096_00_000:controller:node3 zwave:meter_current
2020-04-08 17:37:18,021:INFO:23455:MainProcess:AeotechZW096.py:Item named Voltage_Zwave_Node3 found for zwave:aeon_zw096_00_000:controller:node3 zwave:meter_voltage
2020-04-08 17:37:18,021:INFO:23455:MainProcess:AeotechZW096.py:Item named Power_Zwave_Node3 found for zwave:aeon_zw096_00_000:controller:node3 zwave:meter_watts
2020-04-08 17:37:18,022:WARNING:23455:MainProcess:AeotechZW096.py:There is no linked item to zwave:meter_reset 
2020-04-08 17:37:18,022:WARNING:23455:MainProcess:AeotechZW096.py:There is no linked item to zwave:color_color 
2020-04-08 17:37:18,046:INFO:23455:MainProcess:AeotechZW096.py:zwave:aeon_zw096_00_000:controller:node2 status updated to: ONLINE, StatusDetail: NONE
2020-04-08 17:37:18,047:INFO:23455:MainProcess:AeotechZW096.py:Item named Switch_Zwave_Node2 found for zwave:aeon_zw096_00_000:controller:node2 zwave:switch_binary
2020-04-08 17:37:18,047:INFO:23455:MainProcess:AeotechZW096.py:Item named Energy_Zwave_Node2 found for zwave:aeon_zw096_00_000:controller:node2 zwave:meter_kwh
2020-04-08 17:37:18,048:INFO:23455:MainProcess:AeotechZW096.py:Item named Current_Zwave_Node2 found for zwave:aeon_zw096_00_000:controller:node2 zwave:meter_current
2020-04-08 17:37:18,048:INFO:23455:MainProcess:AeotechZW096.py:Item named Voltage_Zwave_Node2 found for zwave:aeon_zw096_00_000:controller:node2 zwave:meter_voltage
2020-04-08 17:37:18,049:INFO:23455:MainProcess:AeotechZW096.py:Item named Power_Zwave_Node2 found for zwave:aeon_zw096_00_000:controller:node2 zwave:meter_watts
2020-04-08 17:37:18,049:WARNING:23455:MainProcess:AeotechZW096.py:There is no linked item to zwave:meter_reset 
2020-04-08 17:37:18,050:WARNING:23455:MainProcess:AeotechZW096.py:There is no linked item to zwave:color_color 
2020-04-08 17:37:18,074:INFO:23455:MainProcess:AeotechZW096.py:zwave:aeon_zw096_00_000:controller:node3 status updated to: ONLINE, StatusDetail: NONE
2020-04-08 17:37:18,075:INFO:23455:MainProcess:AeotechZW096.py:Attempting to update 'devices' table for zwave:aeon_zw096_00_000:controller:node3 device in database
2020-04-08 17:37:18,118:INFO:23455:MainProcess:AeotechZW096.py:zwave:aeon_zw096_00_000:controller:node2 status updated to: ONLINE, StatusDetail: NONE
2020-04-08 17:37:18,118:INFO:23455:MainProcess:AeotechZW096.py:Attempting to update 'devices' table for zwave:aeon_zw096_00_000:controller:node2 device in database
2020-04-08 17:37:21,525:INFO:23458:MainProcess:AeotechZW096.py:AeotechZW096 object instantaited with UID of zwave:aeon_zw096_00_000:controller:node3
2020-04-08 17:37:21,527:INFO:23458:MainProcess:AeotechZW096.py:AeotechZW096 object instantaited with UID of zwave:aeon_zw096_00_000:controller:node2
2020-04-08 17:37:21,550:INFO:23458:MainProcess:AeotechZW096.py:zwave:aeon_zw096_00_000:controller:node3 status updated to: ONLINE, StatusDetail: NONE
2020-04-08 17:37:21,551:INFO:23458:MainProcess:AeotechZW096.py:Item named Switch_Zwave_Node3 found for zwave:aeon_zw096_00_000:controller:node3 zwave:switch_binary
2020-04-08 17:37:21,552:INFO:23458:MainProcess:AeotechZW096.py:Item named Energy_Zwave_Node3 found for zwave:aeon_zw096_00_000:controller:node3 zwave:meter_kwh
2020-04-08 17:37:21,552:INFO:23458:MainProcess:AeotechZW096.py:Item named Current_Zwave_Node3 found for zwave:aeon_zw096_00_000:controller:node3 zwave:meter_current
2020-04-08 17:37:21,553:INFO:23458:MainProcess:AeotechZW096.py:Item named Voltage_Zwave_Node3 found for zwave:aeon_zw096_00_000:controller:node3 zwave:meter_voltage
2020-04-08 17:37:21,553:INFO:23458:MainProcess:AeotechZW096.py:Item named Power_Zwave_Node3 found for zwave:aeon_zw096_00_000:controller:node3 zwave:meter_watts
2020-04-08 17:37:21,554:WARNING:23458:MainProcess:AeotechZW096.py:There is no linked item to zwave:meter_reset 
2020-04-08 17:37:21,554:WARNING:23458:MainProcess:AeotechZW096.py:There is no linked item to zwave:color_color 
2020-04-08 17:37:21,580:INFO:23458:MainProcess:AeotechZW096.py:zwave:aeon_zw096_00_000:controller:node2 status updated to: ONLINE, StatusDetail: NONE
2020-04-08 17:37:21,581:INFO:23458:MainProcess:AeotechZW096.py:Item named Switch_Zwave_Node2 found for zwave:aeon_zw096_00_000:controller:node2 zwave:switch_binary
2020-04-08 17:37:21,582:INFO:23458:MainProcess:AeotechZW096.py:Item named Energy_Zwave_Node2 found for zwave:aeon_zw096_00_000:controller:node2 zwave:meter_kwh
2020-04-08 17:37:21,583:INFO:23458:MainProcess:AeotechZW096.py:Item named Current_Zwave_Node2 found for zwave:aeon_zw096_00_000:controller:node2 zwave:meter_current
2020-04-08 17:37:21,583:INFO:23458:MainProcess:AeotechZW096.py:Item named Voltage_Zwave_Node2 found for zwave:aeon_zw096_00_000:controller:node2 zwave:meter_voltage
2020-04-08 17:37:21,584:INFO:23458:MainProcess:AeotechZW096.py:Item named Power_Zwave_Node2 found for zwave:aeon_zw096_00_000:controller:node2 zwave:meter_watts
2020-04-08 17:37:21,584:WARNING:23458:MainProcess:AeotechZW096.py:There is no linked item to zwave:meter_reset 
2020-04-08 17:37:21,585:WARNING:23458:MainProcess:AeotechZW096.py:There is no linked item to zwave:color_color 
2020-04-08 17:37:21,609:INFO:23458:MainProcess:AeotechZW096.py:zwave:aeon_zw096_00_000:controller:node3 status updated to: ONLINE, StatusDetail: NONE
2020-04-08 17:37:21,610:INFO:23458:MainProcess:AeotechZW096.py:Attempting to update 'devices' table for zwave:aeon_zw096_00_000:controller:node3 device in database
2020-04-08 17:37:21,652:INFO:23458:MainProcess:AeotechZW096.py:zwave:aeon_zw096_00_000:controller:node2 status updated to: ONLINE, StatusDetail: NONE
2020-04-08 17:37:21,653:INFO:23458:MainProcess:AeotechZW096.py:Attempting to update 'devices' table for zwave:aeon_zw096_00_000:controller:node2 device in database
2020-04-08 17:38:19,415:INFO:23513:MainProcess:AeotechZW096.py:AeotechZW096 object instantaited with UID of zwave:aeon_zw096_00_000:controller:node3
2020-04-08 17:38:19,417:INFO:23513:MainProcess:AeotechZW096.py:AeotechZW096 object instantaited with UID of zwave:aeon_zw096_00_000:controller:node2
2020-04-08 17:38:19,439:INFO:23513:MainProcess:AeotechZW096.py:zwave:aeon_zw096_00_000:controller:node3 status updated to: ONLINE, StatusDetail: NONE
2020-04-08 17:38:19,440:INFO:23513:MainProcess:AeotechZW096.py:Item named Switch_Zwave_Node3 found for zwave:aeon_zw096_00_000:controller:node3 zwave:switch_binary
2020-04-08 17:38:19,440:INFO:23513:MainProcess:AeotechZW096.py:Item named Energy_Zwave_Node3 found for zwave:aeon_zw096_00_000:controller:node3 zwave:meter_kwh
2020-04-08 17:38:19,441:INFO:23513:MainProcess:AeotechZW096.py:Item named Current_Zwave_Node3 found for zwave:aeon_zw096_00_000:controller:node3 zwave:meter_current
2020-04-08 17:38:19,441:INFO:23513:MainProcess:AeotechZW096.py:Item named Voltage_Zwave_Node3 found for zwave:aeon_zw096_00_000:controller:node3 zwave:meter_voltage
2020-04-08 17:38:19,441:INFO:23513:MainProcess:AeotechZW096.py:Item named Power_Zwave_Node3 found for zwave:aeon_zw096_00_000:controller:node3 zwave:meter_watts
2020-04-08 17:38:19,442:WARNING:23513:MainProcess:AeotechZW096.py:There is no linked item to zwave:meter_reset 
2020-04-08 17:38:19,442:WARNING:23513:MainProcess:AeotechZW096.py:There is no linked item to zwave:color_color 
2020-04-08 17:38:19,465:INFO:23513:MainProcess:AeotechZW096.py:zwave:aeon_zw096_00_000:controller:node2 status updated to: ONLINE, StatusDetail: NONE
2020-04-08 17:38:19,466:INFO:23513:MainProcess:AeotechZW096.py:Item named Switch_Zwave_Node2 found for zwave:aeon_zw096_00_000:controller:node2 zwave:switch_binary
2020-04-08 17:38:19,466:INFO:23513:MainProcess:AeotechZW096.py:Item named Energy_Zwave_Node2 found for zwave:aeon_zw096_00_000:controller:node2 zwave:meter_kwh
2020-04-08 17:38:19,467:INFO:23513:MainProcess:AeotechZW096.py:Item named Current_Zwave_Node2 found for zwave:aeon_zw096_00_000:controller:node2 zwave:meter_current
2020-04-08 17:38:19,467:INFO:23513:MainProcess:AeotechZW096.py:Item named Voltage_Zwave_Node2 found for zwave:aeon_zw096_00_000:controller:node2 zwave:meter_voltage
2020-04-08 17:38:19,468:INFO:23513:MainProcess:AeotechZW096.py:Item named Power_Zwave_Node2 found for zwave:aeon_zw096_00_000:controller:node2 zwave:meter_watts
2020-04-08 17:38:19,468:WARNING:23513:MainProcess:AeotechZW096.py:There is no linked item to zwave:meter_reset 
2020-04-08 17:38:19,468:WARNING:23513:MainProcess:AeotechZW096.py:There is no linked item to zwave:color_color 
2020-04-08 17:38:19,490:INFO:23513:MainProcess:AeotechZW096.py:zwave:aeon_zw096_00_000:controller:node3 status updated to: ONLINE, StatusDetail: NONE
2020-04-08 17:38:19,491:INFO:23513:MainProcess:AeotechZW096.py:Attempting to update 'devices' table for zwave:aeon_zw096_00_000:controller:node3 device in database
2020-04-08 17:38:19,532:INFO:23513:MainProcess:AeotechZW096.py:zwave:aeon_zw096_00_000:controller:node2 status updated to: ONLINE, StatusDetail: NONE
2020-04-08 17:38:19,532:INFO:23513:MainProcess:AeotechZW096.py:Attempting to update 'devices' table for zwave:aeon_zw096_00_000:controller:node2 device in database
2020-04-08 17:39:24,206:INFO:23578:MainProcess:AeotechZW096.py:AeotechZW096 object instantaited with UID of zwave:aeon_zw096_00_000:controller:node3
2020-04-08 17:39:24,208:INFO:23578:MainProcess:AeotechZW096.py:AeotechZW096 object instantaited with UID of zwave:aeon_zw096_00_000:controller:node2
2020-04-08 17:39:24,231:INFO:23578:MainProcess:AeotechZW096.py:zwave:aeon_zw096_00_000:controller:node3 status updated to: ONLINE, StatusDetail: NONE
2020-04-08 17:39:24,232:INFO:23578:MainProcess:AeotechZW096.py:Item named Switch_Zwave_Node3 found for zwave:aeon_zw096_00_000:controller:node3 zwave:switch_binary
2020-04-08 17:39:24,232:INFO:23578:MainProcess:AeotechZW096.py:Item named Energy_Zwave_Node3 found for zwave:aeon_zw096_00_000:controller:node3 zwave:meter_kwh
2020-04-08 17:39:24,233:INFO:23578:MainProcess:AeotechZW096.py:Item named Current_Zwave_Node3 found for zwave:aeon_zw096_00_000:controller:node3 zwave:meter_current
2020-04-08 17:39:24,233:INFO:23578:MainProcess:AeotechZW096.py:Item named Voltage_Zwave_Node3 found for zwave:aeon_zw096_00_000:controller:node3 zwave:meter_voltage
2020-04-08 17:39:24,234:INFO:23578:MainProcess:AeotechZW096.py:Item named Power_Zwave_Node3 found for zwave:aeon_zw096_00_000:controller:node3 zwave:meter_watts
2020-04-08 17:39:24,234:WARNING:23578:MainProcess:AeotechZW096.py:There is no linked item to zwave:meter_reset 
2020-04-08 17:39:24,235:WARNING:23578:MainProcess:AeotechZW096.py:There is no linked item to zwave:color_color 
2020-04-08 17:39:24,255:INFO:23578:MainProcess:AeotechZW096.py:zwave:aeon_zw096_00_000:controller:node2 status updated to: ONLINE, StatusDetail: NONE
2020-04-08 17:39:24,256:INFO:23578:MainProcess:AeotechZW096.py:Item named Switch_Zwave_Node2 found for zwave:aeon_zw096_00_000:controller:node2 zwave:switch_binary
2020-04-08 17:39:24,257:INFO:23578:MainProcess:AeotechZW096.py:Item named Energy_Zwave_Node2 found for zwave:aeon_zw096_00_000:controller:node2 zwave:meter_kwh
2020-04-08 17:39:24,257:INFO:23578:MainProcess:AeotechZW096.py:Item named Current_Zwave_Node2 found for zwave:aeon_zw096_00_000:controller:node2 zwave:meter_current
2020-04-08 17:39:24,258:INFO:23578:MainProcess:AeotechZW096.py:Item named Voltage_Zwave_Node2 found for zwave:aeon_zw096_00_000:controller:node2 zwave:meter_voltage
2020-04-08 17:39:24,258:INFO:23578:MainProcess:AeotechZW096.py:Item named Power_Zwave_Node2 found for zwave:aeon_zw096_00_000:controller:node2 zwave:meter_watts
2020-04-08 17:39:24,259:WARNING:23578:MainProcess:AeotechZW096.py:There is no linked item to zwave:meter_reset 
2020-04-08 17:39:24,259:WARNING:23578:MainProcess:AeotechZW096.py:There is no linked item to zwave:color_color 
2020-04-08 17:39:24,280:INFO:23578:MainProcess:AeotechZW096.py:zwave:aeon_zw096_00_000:controller:node3 status updated to: ONLINE, StatusDetail: NONE
2020-04-08 17:39:24,281:INFO:23578:MainProcess:AeotechZW096.py:Attempting to update 'devices' table for zwave:aeon_zw096_00_000:controller:node3 device in database
2020-04-08 17:39:24,319:INFO:23578:MainProcess:AeotechZW096.py:zwave:aeon_zw096_00_000:controller:node2 status updated to: ONLINE, StatusDetail: NONE
2020-04-08 17:39:24,320:INFO:23578:MainProcess:AeotechZW096.py:Attempting to update 'devices' table for zwave:aeon_zw096_00_000:controller:node2 device in database
2020-04-08 17:40:09,392:INFO:23630:MainProcess:AeotechZW096.py:AeotechZW096 object instantaited with UID of zwave:aeon_zw096_00_000:controller:node3
2020-04-08 17:40:09,394:INFO:23630:MainProcess:AeotechZW096.py:AeotechZW096 object instantaited with UID of zwave:aeon_zw096_00_000:controller:node2
2020-04-08 17:40:09,415:INFO:23630:MainProcess:AeotechZW096.py:zwave:aeon_zw096_00_000:controller:node3 status updated to: ONLINE, StatusDetail: NONE
2020-04-08 17:40:09,416:INFO:23630:MainProcess:AeotechZW096.py:Item named Switch_Zwave_Node3 found for zwave:aeon_zw096_00_000:controller:node3 zwave:switch_binary
2020-04-08 17:40:09,417:INFO:23630:MainProcess:AeotechZW096.py:Item named Energy_Zwave_Node3 found for zwave:aeon_zw096_00_000:controller:node3 zwave:meter_kwh
2020-04-08 17:40:09,417:INFO:23630:MainProcess:AeotechZW096.py:Item named Current_Zwave_Node3 found for zwave:aeon_zw096_00_000:controller:node3 zwave:meter_current
2020-04-08 17:40:09,418:INFO:23630:MainProcess:AeotechZW096.py:Item named Voltage_Zwave_Node3 found for zwave:aeon_zw096_00_000:controller:node3 zwave:meter_voltage
2020-04-08 17:40:09,418:INFO:23630:MainProcess:AeotechZW096.py:Item named Power_Zwave_Node3 found for zwave:aeon_zw096_00_000:controller:node3 zwave:meter_watts
2020-04-08 17:40:09,419:WARNING:23630:MainProcess:AeotechZW096.py:There is no linked item to zwave:meter_reset 
2020-04-08 17:40:09,419:WARNING:23630:MainProcess:AeotechZW096.py:There is no linked item to zwave:color_color 
2020-04-08 17:40:09,442:INFO:23630:MainProcess:AeotechZW096.py:zwave:aeon_zw096_00_000:controller:node2 status updated to: ONLINE, StatusDetail: NONE
2020-04-08 17:40:09,443:INFO:23630:MainProcess:AeotechZW096.py:Item named Switch_Zwave_Node2 found for zwave:aeon_zw096_00_000:controller:node2 zwave:switch_binary
2020-04-08 17:40:09,443:INFO:23630:MainProcess:AeotechZW096.py:Item named Energy_Zwave_Node2 found for zwave:aeon_zw096_00_000:controller:node2 zwave:meter_kwh
2020-04-08 17:40:09,444:INFO:23630:MainProcess:AeotechZW096.py:Item named Current_Zwave_Node2 found for zwave:aeon_zw096_00_000:controller:node2 zwave:meter_current
2020-04-08 17:40:09,444:INFO:23630:MainProcess:AeotechZW096.py:Item named Voltage_Zwave_Node2 found for zwave:aeon_zw096_00_000:controller:node2 zwave:meter_voltage
2020-04-08 17:40:09,445:INFO:23630:MainProcess:AeotechZW096.py:Item named Power_Zwave_Node2 found for zwave:aeon_zw096_00_000:controller:node2 zwave:meter_watts
2020-04-08 17:40:09,445:WARNING:23630:MainProcess:AeotechZW096.py:There is no linked item to zwave:meter_reset 
2020-04-08 17:40:09,445:WARNING:23630:MainProcess:AeotechZW096.py:There is no linked item to zwave:color_color 
2020-04-08 17:40:09,465:INFO:23630:MainProcess:AeotechZW096.py:zwave:aeon_zw096_00_000:controller:node3 status updated to: ONLINE, StatusDetail: NONE
2020-04-08 17:40:09,466:INFO:23630:MainProcess:AeotechZW096.py:Attempting to update 'devices' table for zwave:aeon_zw096_00_000:controller:node3 device in database
2020-04-08 17:40:09,484:INFO:23630:MainProcess:AeotechZW096.py:Attempting to update all items associated with zwave:aeon_zw096_00_000:controller:node3
2020-04-08 17:40:09,507:INFO:23630:MainProcess:AeotechZW096.py:zwave:aeon_zw096_00_000:controller:node3 voltage value has been updated to 228.106
2020-04-08 17:40:09,527:INFO:23630:MainProcess:AeotechZW096.py:zwave:aeon_zw096_00_000:controller:node3 current value has been updated to 0
2020-04-08 17:40:09,547:INFO:23630:MainProcess:AeotechZW096.py:Switch_Zwave_Node3 has been updated to ON
2020-04-08 17:40:09,569:INFO:23630:MainProcess:AeotechZW096.py:Power_Zwave_Node3 has been updated to 0
2020-04-08 17:40:09,590:INFO:23630:MainProcess:AeotechZW096.py:Energy_Zwave_Node3 has been updated to 16.192
2020-04-08 17:40:09,591:INFO:23630:MainProcess:AeotechZW096.py:Attempting to update 'items' table for zwave:aeon_zw096_00_000:controller:node3 items in database
2020-04-08 17:40:09,645:INFO:23630:MainProcess:AeotechZW096.py:zwave:aeon_zw096_00_000:controller:node2 status updated to: ONLINE, StatusDetail: NONE
2020-04-08 17:40:09,645:INFO:23630:MainProcess:AeotechZW096.py:Attempting to update 'devices' table for zwave:aeon_zw096_00_000:controller:node2 device in database
2020-04-08 17:40:09,663:INFO:23630:MainProcess:AeotechZW096.py:Attempting to update all items associated with zwave:aeon_zw096_00_000:controller:node2
2020-04-08 17:40:09,683:INFO:23630:MainProcess:AeotechZW096.py:zwave:aeon_zw096_00_000:controller:node2 voltage value has been updated to 227.395
2020-04-08 17:40:09,704:INFO:23630:MainProcess:AeotechZW096.py:zwave:aeon_zw096_00_000:controller:node2 current value has been updated to 0.042
2020-04-08 17:40:09,724:INFO:23630:MainProcess:AeotechZW096.py:Switch_Zwave_Node2 has been updated to ON
2020-04-08 17:40:09,746:INFO:23630:MainProcess:AeotechZW096.py:Power_Zwave_Node2 has been updated to 3.586
2020-04-08 17:40:09,767:INFO:23630:MainProcess:AeotechZW096.py:Energy_Zwave_Node2 has been updated to 20.827
2020-04-08 17:40:09,768:INFO:23630:MainProcess:AeotechZW096.py:Attempting to update 'items' table for zwave:aeon_zw096_00_000:controller:node2 items in database
2020-04-08 17:40:18,077:INFO:23644:MainProcess:AeotechZW096.py:AeotechZW096 object instantaited with UID of zwave:aeon_zw096_00_000:controller:node3
2020-04-08 17:40:18,078:INFO:23644:MainProcess:AeotechZW096.py:AeotechZW096 object instantaited with UID of zwave:aeon_zw096_00_000:controller:node2
2020-04-08 17:40:18,099:INFO:23644:MainProcess:AeotechZW096.py:zwave:aeon_zw096_00_000:controller:node3 status updated to: ONLINE, StatusDetail: NONE
2020-04-08 17:40:18,101:INFO:23644:MainProcess:AeotechZW096.py:Item named Switch_Zwave_Node3 found for zwave:aeon_zw096_00_000:controller:node3 zwave:switch_binary
2020-04-08 17:40:18,101:INFO:23644:MainProcess:AeotechZW096.py:Item named Energy_Zwave_Node3 found for zwave:aeon_zw096_00_000:controller:node3 zwave:meter_kwh
2020-04-08 17:40:18,102:INFO:23644:MainProcess:AeotechZW096.py:Item named Current_Zwave_Node3 found for zwave:aeon_zw096_00_000:controller:node3 zwave:meter_current
2020-04-08 17:40:18,102:INFO:23644:MainProcess:AeotechZW096.py:Item named Voltage_Zwave_Node3 found for zwave:aeon_zw096_00_000:controller:node3 zwave:meter_voltage
2020-04-08 17:40:18,103:INFO:23644:MainProcess:AeotechZW096.py:Item named Power_Zwave_Node3 found for zwave:aeon_zw096_00_000:controller:node3 zwave:meter_watts
2020-04-08 17:40:18,103:WARNING:23644:MainProcess:AeotechZW096.py:There is no linked item to zwave:meter_reset 
2020-04-08 17:40:18,104:WARNING:23644:MainProcess:AeotechZW096.py:There is no linked item to zwave:color_color 
2020-04-08 17:40:18,124:INFO:23644:MainProcess:AeotechZW096.py:zwave:aeon_zw096_00_000:controller:node2 status updated to: ONLINE, StatusDetail: NONE
2020-04-08 17:40:18,125:INFO:23644:MainProcess:AeotechZW096.py:Item named Switch_Zwave_Node2 found for zwave:aeon_zw096_00_000:controller:node2 zwave:switch_binary
2020-04-08 17:40:18,126:INFO:23644:MainProcess:AeotechZW096.py:Item named Energy_Zwave_Node2 found for zwave:aeon_zw096_00_000:controller:node2 zwave:meter_kwh
2020-04-08 17:40:18,127:INFO:23644:MainProcess:AeotechZW096.py:Item named Current_Zwave_Node2 found for zwave:aeon_zw096_00_000:controller:node2 zwave:meter_current
2020-04-08 17:40:18,127:INFO:23644:MainProcess:AeotechZW096.py:Item named Voltage_Zwave_Node2 found for zwave:aeon_zw096_00_000:controller:node2 zwave:meter_voltage
2020-04-08 17:40:18,128:INFO:23644:MainProcess:AeotechZW096.py:Item named Power_Zwave_Node2 found for zwave:aeon_zw096_00_000:controller:node2 zwave:meter_watts
2020-04-08 17:40:18,128:WARNING:23644:MainProcess:AeotechZW096.py:There is no linked item to zwave:meter_reset 
2020-04-08 17:40:18,129:WARNING:23644:MainProcess:AeotechZW096.py:There is no linked item to zwave:color_color 
2020-04-08 17:40:18,149:INFO:23644:MainProcess:AeotechZW096.py:zwave:aeon_zw096_00_000:controller:node3 status updated to: ONLINE, StatusDetail: NONE
2020-04-08 17:40:18,150:INFO:23644:MainProcess:AeotechZW096.py:Attempting to update 'devices' table for zwave:aeon_zw096_00_000:controller:node3 device in database
2020-04-08 17:40:18,172:INFO:23644:MainProcess:AeotechZW096.py:Attempting to update all items associated with zwave:aeon_zw096_00_000:controller:node3
2020-04-08 17:40:18,192:INFO:23644:MainProcess:AeotechZW096.py:zwave:aeon_zw096_00_000:controller:node3 voltage value has been updated to 228.106
2020-04-08 17:40:18,214:INFO:23644:MainProcess:AeotechZW096.py:zwave:aeon_zw096_00_000:controller:node3 current value has been updated to 0
2020-04-08 17:40:18,235:INFO:23644:MainProcess:AeotechZW096.py:Switch_Zwave_Node3 has been updated to ON
2020-04-08 17:40:18,258:INFO:23644:MainProcess:AeotechZW096.py:Power_Zwave_Node3 has been updated to 0
2020-04-08 17:40:18,281:INFO:23644:MainProcess:AeotechZW096.py:Energy_Zwave_Node3 has been updated to 16.192
2020-04-08 17:40:18,283:INFO:23644:MainProcess:AeotechZW096.py:Attempting to update 'items' table for zwave:aeon_zw096_00_000:controller:node3 items in database
2020-04-08 17:40:18,322:INFO:23644:MainProcess:AeotechZW096.py:zwave:aeon_zw096_00_000:controller:node2 status updated to: ONLINE, StatusDetail: NONE
2020-04-08 17:40:18,323:INFO:23644:MainProcess:AeotechZW096.py:Attempting to update 'devices' table for zwave:aeon_zw096_00_000:controller:node2 device in database
2020-04-08 17:40:18,338:INFO:23644:MainProcess:AeotechZW096.py:Attempting to update all items associated with zwave:aeon_zw096_00_000:controller:node2
2020-04-08 17:40:18,359:INFO:23644:MainProcess:AeotechZW096.py:zwave:aeon_zw096_00_000:controller:node2 voltage value has been updated to 227.395
2020-04-08 17:40:18,381:INFO:23644:MainProcess:AeotechZW096.py:zwave:aeon_zw096_00_000:controller:node2 current value has been updated to 0.042
2020-04-08 17:40:18,404:INFO:23644:MainProcess:AeotechZW096.py:Switch_Zwave_Node2 has been updated to ON
2020-04-08 17:40:18,427:INFO:23644:MainProcess:AeotechZW096.py:Power_Zwave_Node2 has been updated to 3.586
2020-04-08 17:40:18,448:INFO:23644:MainProcess:AeotechZW096.py:Energy_Zwave_Node2 has been updated to 20.827
2020-04-08 17:40:18,450:INFO:23644:MainProcess:AeotechZW096.py:Attempting to update 'items' table for zwave:aeon_zw096_00_000:controller:node2 items in database
