2020-04-07 16:03:04,940:INFO:18594:MainProcess:open_HAB.py:New open_HAB object created <openHAB_Proj.AeotechZW096.AeotechZW096 object at 0x75bd6710>
2020-04-07 16:03:05,006:INFO:18595:MainProcess:open_HAB.py:New open_HAB object created <openHAB_Proj.AeotechZW096.AeotechZW096 object at 0x75c06710>
2020-04-07 17:03:28,165:INFO:21766:MainProcess:open_HAB.py:New open_HAB object created <openHAB_Proj.open_HAB.open_HAB object at 0x75b843d0>
2020-04-07 17:03:28,166:INFO:21766:MainProcess:open_HAB.py:IP address of device found to be: 192.168.0.25
2020-04-07 17:03:28,167:INFO:21766:MainProcess:open_HAB.py:IP address for object <openHAB_Proj.open_HAB.open_HAB object at 0x75b843d0> of: 192.168.0.25
2020-04-07 17:03:28,495:INFO:21766:MainProcess:open_HAB.py:Get request made to http://localhost:8080/rest/things
2020-04-07 17:03:28,582:INFO:21766:MainProcess:open_HAB.py:Found Aeotech smart plug UID: zwave:aeon_zw096_00_000:controller:node3
2020-04-07 17:03:28,583:INFO:21766:MainProcess:open_HAB.py:New open_HAB object created <openHAB_Proj.AeotechZW096.AeotechZW096 object at 0x75b672b0>
2020-04-07 17:03:28,584:INFO:21766:MainProcess:open_HAB.py:Found Aeotech smart plug UID: zwave:aeon_zw096_00_000:controller:node2
2020-04-07 17:03:28,584:INFO:21766:MainProcess:open_HAB.py:New open_HAB object created <openHAB_Proj.AeotechZW096.AeotechZW096 object at 0x75b67370>
2020-04-07 17:03:28,585:INFO:21766:MainProcess:open_HAB.py:Get request sent to http://localhost:8080/rest/things/zwave:aeon_zw096_00_000:controller:node3/status
2020-04-07 17:03:28,611:INFO:21766:MainProcess:open_HAB.py:Get request sent to http://localhost:8080/rest/things/zwave:aeon_zw096_00_000:controller:node2/status
2020-04-07 17:03:28,645:INFO:21766:MainProcess:open_HAB.py:Post request sent to http://localhost:8080/rest/items/Switch_Zwave_Node3, data=ON
2020-04-07 17:03:28,690:INFO:21766:MainProcess:open_HAB.py:Get request sent to http://localhost:8080/rest/things/zwave:aeon_zw096_00_000:controller:node3/status
2020-04-07 17:03:29,255:INFO:21766:MainProcess:open_HAB.py:Get request sent to http://localhost:8080/rest/items/Voltage_Zwave_Node3/state
2020-04-07 17:03:29,302:INFO:21766:MainProcess:open_HAB.py:Get request sent to http://localhost:8080/rest/items/Current_Zwave_Node3/state
2020-04-07 17:03:29,343:INFO:21766:MainProcess:open_HAB.py:Get request sent to http://localhost:8080/rest/items/Switch_Zwave_Node3/state
2020-04-07 17:03:29,387:INFO:21766:MainProcess:open_HAB.py:Get request sent to http://localhost:8080/rest/items/Power_Zwave_Node3/state
2020-04-07 17:03:29,432:INFO:21766:MainProcess:open_HAB.py:Get request sent to http://localhost:8080/rest/items/Energy_Zwave_Node3/state
2020-04-07 17:03:30,433:INFO:21766:MainProcess:open_HAB.py:Get request sent to http://localhost:8080/rest/items/Switch_Zwave_Node3
2020-04-07 17:03:30,558:INFO:21766:MainProcess:open_HAB.py:Switch_Zwave_Node3 found to be part of meter_2 group in openHAB setup
2020-04-07 17:03:30,563:INFO:21766:MainProcess:open_HAB.py:Updating file /home/openhabian/Environments/env_1/openHAB_Proj/lib/config.json
2020-04-07 17:03:30,599:INFO:21766:MainProcess:open_HAB.py:/home/openhabian/Environments/env_1/openHAB_Proj/lib/config.json has been updated
2020-04-07 17:03:30,600:INFO:21766:MainProcess:open_HAB.py:Post request sent to http://localhost:8080/rest/items/Switch_Zwave_Node2, data=ON
2020-04-07 17:03:30,644:INFO:21766:MainProcess:open_HAB.py:Get request sent to http://localhost:8080/rest/things/zwave:aeon_zw096_00_000:controller:node2/status
2020-04-07 17:03:31,175:INFO:21766:MainProcess:open_HAB.py:Get request sent to http://localhost:8080/rest/items/Voltage_Zwave_Node2/state
2020-04-07 17:03:31,216:INFO:21766:MainProcess:open_HAB.py:Get request sent to http://localhost:8080/rest/items/Current_Zwave_Node2/state
2020-04-07 17:03:31,258:INFO:21766:MainProcess:open_HAB.py:Get request sent to http://localhost:8080/rest/items/Switch_Zwave_Node2/state
2020-04-07 17:03:31,299:INFO:21766:MainProcess:open_HAB.py:Get request sent to http://localhost:8080/rest/items/Power_Zwave_Node2/state
2020-04-07 17:03:31,340:INFO:21766:MainProcess:open_HAB.py:Get request sent to http://localhost:8080/rest/items/Energy_Zwave_Node2/state
2020-04-07 17:03:32,202:INFO:21766:MainProcess:open_HAB.py:Get request sent to http://localhost:8080/rest/items/Switch_Zwave_Node2
2020-04-07 17:03:32,237:INFO:21766:MainProcess:open_HAB.py:Switch_Zwave_Node2 found to be part of meter_1 group in openHAB setup
2020-04-07 17:03:32,240:INFO:21766:MainProcess:open_HAB.py:Updating file /home/openhabian/Environments/env_1/openHAB_Proj/lib/config.json
2020-04-07 17:03:32,259:INFO:21766:MainProcess:open_HAB.py:/home/openhabian/Environments/env_1/openHAB_Proj/lib/config.json has been updated
